{"/Users/levw/Desktop/Levw/warpy/packages/worktree-compose/src/config.ts": {"path":"/Users/levw/Desktop/Levw/warpy/packages/worktree-compose/src/config.ts","statementMap":{"0":{"start":{"line":10,"column":17},"end":{"line":10,"column":51}},"1":{"start":{"line":11,"column":2},"end":{"line":13,"column":3}},"2":{"start":{"line":12,"column":4},"end":{"line":12,"column":69}},"3":{"start":{"line":15,"column":18},"end":{"line":15,"column":53}},"4":{"start":{"line":16,"column":2},"end":{"line":21,"column":3}},"5":{"start":{"line":17,"column":16},"end":{"line":17,"column":61}},"6":{"start":{"line":18,"column":4},"end":{"line":20,"column":5}},"7":{"start":{"line":19,"column":6},"end":{"line":19,"column":34}},"8":{"start":{"line":23,"column":2},"end":{"line":23,"column":12}}},"fnMap":{"0":{"name":"loadConfig","decl":{"start":{"line":9,"column":16},"end":{"line":9,"column":26}},"loc":{"start":{"line":9,"column":43},"end":{"line":24,"column":1}}}},"branchMap":{"0":{"loc":{"start":{"line":11,"column":2},"end":{"line":13,"column":3}},"type":"if","locations":[{"start":{"line":11,"column":2},"end":{"line":13,"column":3}}]},"1":{"loc":{"start":{"line":16,"column":2},"end":{"line":21,"column":3}},"type":"if","locations":[{"start":{"line":16,"column":2},"end":{"line":21,"column":3}}]},"2":{"loc":{"start":{"line":18,"column":4},"end":{"line":20,"column":5}},"type":"if","locations":[{"start":{"line":18,"column":4},"end":{"line":20,"column":5}}]},"3":{"loc":{"start":{"line":18,"column":8},"end":{"line":18,"column":46}},"type":"binary-expr","locations":[{"start":{"line":18,"column":8},"end":{"line":18,"column":15}},{"start":{"line":18,"column":19},"end":{"line":18,"column":46}}]}},"s":{"0":0,"1":0,"2":0,"3":0,"4":0,"5":0,"6":0,"7":0,"8":0},"f":{"0":0},"b":{"0":[0],"1":[0],"2":[0],"3":[0,0]}}
,"/Users/levw/Desktop/Levw/warpy/packages/worktree-compose/src/context.ts": {"path":"/Users/levw/Desktop/Levw/warpy/packages/worktree-compose/src/context.ts","statementMap":{"0":{"start":{"line":21,"column":19},"end":{"line":21,"column":32}},"1":{"start":{"line":22,"column":19},"end":{"line":22,"column":40}},"2":{"start":{"line":24,"column":22},"end":{"line":24,"column":49}},"3":{"start":{"line":25,"column":2},"end":{"line":29,"column":3}},"4":{"start":{"line":26,"column":4},"end":{"line":28,"column":6}},"5":{"start":{"line":31,"column":22},"end":{"line":31,"column":51}},"6":{"start":{"line":32,"column":23},"end":{"line":32,"column":64}},"7":{"start":{"line":33,"column":17},"end":{"line":33,"column":37}},"8":{"start":{"line":34,"column":20},"end":{"line":34,"column":49}},"9":{"start":{"line":36,"column":2},"end":{"line":36,"column":78}},"10":{"start":{"line":43,"column":2},"end":{"line":43,"column":45}},"11":{"start":{"line":43,"column":28},"end":{"line":43,"column":45}},"12":{"start":{"line":44,"column":2},"end":{"line":49,"column":7}},"13":{"start":{"line":46,"column":17},"end":{"line":46,"column":33}},"14":{"start":{"line":47,"column":6},"end":{"line":47,"column":108}},"15":{"start":{"line":47,"column":15},"end":{"line":47,"column":108}},"16":{"start":{"line":48,"column":6},"end":{"line":48,"column":16}}},"fnMap":{"0":{"name":"buildContext","decl":{"start":{"line":20,"column":16},"end":{"line":20,"column":28}},"loc":{"start":{"line":20,"column":28},"end":{"line":37,"column":1}}},"1":{"name":"filterWorktrees","decl":{"start":{"line":39,"column":16},"end":{"line":39,"column":31}},"loc":{"start":{"line":41,"column":19},"end":{"line":50,"column":1}}},"2":{"name":"(anonymous_2)","decl":{"start":{"line":45,"column":9},"end":{"line":45,"column":10}},"loc":{"start":{"line":45,"column":15},"end":{"line":49,"column":5}}}},"branchMap":{"0":{"loc":{"start":{"line":25,"column":2},"end":{"line":29,"column":3}},"type":"if","locations":[{"start":{"line":25,"column":2},"end":{"line":29,"column":3}}]},"1":{"loc":{"start":{"line":43,"column":2},"end":{"line":43,"column":45}},"type":"if","locations":[{"start":{"line":43,"column":2},"end":{"line":43,"column":45}}]},"2":{"loc":{"start":{"line":47,"column":6},"end":{"line":47,"column":108}},"type":"if","locations":[{"start":{"line":47,"column":6},"end":{"line":47,"column":108}}]}},"s":{"0":0,"1":0,"2":0,"3":0,"4":0,"5":0,"6":0,"7":0,"8":0,"9":0,"10":0,"11":0,"12":0,"13":0,"14":0,"15":0,"16":0},"f":{"0":0,"1":0,"2":0},"b":{"0":[0],"1":[0],"2":[0]}}
,"/Users/levw/Desktop/Levw/warpy/packages/worktree-compose/src/commands/clean.ts": {"path":"/Users/levw/Desktop/Levw/warpy/packages/worktree-compose/src/commands/clean.ts","statementMap":{"0":{"start":{"line":8,"column":19},"end":{"line":8,"column":32}},"1":{"start":{"line":9,"column":19},"end":{"line":9,"column":40}},"2":{"start":{"line":10,"column":20},"end":{"line":10,"column":49}},"3":{"start":{"line":12,"column":20},"end":{"line":12,"column":73}},"4":{"start":{"line":14,"column":2},"end":{"line":37,"column":3}},"5":{"start":{"line":14,"column":15},"end":{"line":14,"column":16}},"6":{"start":{"line":15,"column":15},"end":{"line":15,"column":27}},"7":{"start":{"line":16,"column":16},"end":{"line":16,"column":21}},"8":{"start":{"line":17,"column":20},"end":{"line":17,"column":64}},"9":{"start":{"line":19,"column":4},"end":{"line":19,"column":54}},"10":{"start":{"line":20,"column":4},"end":{"line":24,"column":5}},"11":{"start":{"line":21,"column":6},"end":{"line":21,"column":68}},"12":{"start":{"line":26,"column":4},"end":{"line":29,"column":5}},"13":{"start":{"line":27,"column":6},"end":{"line":27,"column":67}},"14":{"start":{"line":28,"column":6},"end":{"line":28,"column":15}},"15":{"start":{"line":31,"column":4},"end":{"line":31,"column":46}},"16":{"start":{"line":32,"column":4},"end":{"line":36,"column":5}},"17":{"start":{"line":33,"column":6},"end":{"line":33,"column":72}},"18":{"start":{"line":35,"column":6},"end":{"line":35,"column":46}},"19":{"start":{"line":39,"column":2},"end":{"line":39,"column":50}},"20":{"start":{"line":41,"column":26},"end":{"line":42,"column":null}},"21":{"start":{"line":44,"column":2},"end":{"line":47,"column":3}},"22":{"start":{"line":45,"column":4},"end":{"line":45,"column":54}},"23":{"start":{"line":46,"column":4},"end":{"line":46,"column":48}},"24":{"start":{"line":49,"column":24},"end":{"line":50,"column":null}},"25":{"start":{"line":52,"column":2},"end":{"line":54,"column":3}},"26":{"start":{"line":53,"column":4},"end":{"line":53,"column":51}},"27":{"start":{"line":56,"column":23},"end":{"line":57,"column":null}},"28":{"start":{"line":59,"column":2},"end":{"line":61,"column":3}},"29":{"start":{"line":60,"column":4},"end":{"line":60,"column":49}},"30":{"start":{"line":63,"column":2},"end":{"line":63,"column":35}}},"fnMap":{"0":{"name":"cleanCommand","decl":{"start":{"line":7,"column":16},"end":{"line":7,"column":28}},"loc":{"start":{"line":7,"column":28},"end":{"line":64,"column":1}}}},"branchMap":{"0":{"loc":{"start":{"line":12,"column":20},"end":{"line":12,"column":73}},"type":"binary-expr","locations":[{"start":{"line":12,"column":20},"end":{"line":12,"column":61}},{"start":{"line":12,"column":65},"end":{"line":12,"column":73}}]},"1":{"loc":{"start":{"line":26,"column":4},"end":{"line":29,"column":5}},"type":"if","locations":[{"start":{"line":26,"column":4},"end":{"line":29,"column":5}}]},"2":{"loc":{"start":{"line":44,"column":2},"end":{"line":47,"column":3}},"type":"if","locations":[{"start":{"line":44,"column":2},"end":{"line":47,"column":3}}]},"3":{"loc":{"start":{"line":52,"column":2},"end":{"line":54,"column":3}},"type":"if","locations":[{"start":{"line":52,"column":2},"end":{"line":54,"column":3}}]},"4":{"loc":{"start":{"line":59,"column":2},"end":{"line":61,"column":3}},"type":"if","locations":[{"start":{"line":59,"column":2},"end":{"line":61,"column":3}}]}},"s":{"0":0,"1":0,"2":0,"3":0,"4":0,"5":0,"6":0,"7":0,"8":0,"9":0,"10":0,"11":0,"12":0,"13":0,"14":0,"15":0,"16":0,"17":0,"18":0,"19":0,"20":0,"21":0,"22":0,"23":0,"24":0,"25":0,"26":0,"27":0,"28":0,"29":0,"30":0},"f":{"0":0},"b":{"0":[0,0],"1":[0],"2":[0],"3":[0],"4":[0]}}
,"/Users/levw/Desktop/Levw/warpy/packages/worktree-compose/src/commands/list.ts": {"path":"/Users/levw/Desktop/Levw/warpy/packages/worktree-compose/src/commands/list.ts","statementMap":{"0":{"start":{"line":11,"column":17},"end":{"line":13,"column":null}},"1":{"start":{"line":15,"column":2},"end":{"line":15,"column":46}},"2":{"start":{"line":19,"column":14},"end":{"line":19,"column":28}},"3":{"start":{"line":21,"column":19},"end":{"line":21,"column":68}},"4":{"start":{"line":21,"column":50},"end":{"line":21,"column":67}},"5":{"start":{"line":22,"column":2},"end":{"line":27,"column":3}},"6":{"start":{"line":23,"column":4},"end":{"line":26,"column":6}},"7":{"start":{"line":29,"column":2},"end":{"line":34,"column":3}},"8":{"start":{"line":30,"column":4},"end":{"line":32,"column":6}},"9":{"start":{"line":33,"column":4},"end":{"line":33,"column":11}},"10":{"start":{"line":36,"column":16},"end":{"line":44,"column":4}},"11":{"start":{"line":46,"column":22},"end":{"line":46,"column":71}},"12":{"start":{"line":46,"column":53},"end":{"line":46,"column":70}},"13":{"start":{"line":47,"column":23},"end":{"line":49,"column":14}},"14":{"start":{"line":48,"column":16},"end":{"line":48,"column":51}},"15":{"start":{"line":51,"column":2},"end":{"line":57,"column":5}},"16":{"start":{"line":59,"column":2},"end":{"line":90,"column":3}},"17":{"start":{"line":59,"column":15},"end":{"line":59,"column":16}},"18":{"start":{"line":60,"column":15},"end":{"line":60,"column":31}},"19":{"start":{"line":61,"column":16},"end":{"line":61,"column":21}},"20":{"start":{"line":62,"column":20},"end":{"line":62,"column":68}},"21":{"start":{"line":63,"column":24},"end":{"line":63,"column":68}},"22":{"start":{"line":64,"column":15},"end":{"line":64,"column":45}},"23":{"start":{"line":66,"column":18},"end":{"line":68,"column":16}},"24":{"start":{"line":67,"column":18},"end":{"line":67,"column":46}},"25":{"start":{"line":70,"column":26},"end":{"line":75,"column":null}},"26":{"start":{"line":72,"column":8},"end":{"line":75,"column":36}},"27":{"start":{"line":77,"column":16},"end":{"line":81,"column":13}},"28":{"start":{"line":83,"column":4},"end":{"line":89,"column":7}},"29":{"start":{"line":92,"column":2},"end":{"line":92,"column":32}}},"fnMap":{"0":{"name":"isWorktreeUp","decl":{"start":{"line":10,"column":9},"end":{"line":10,"column":21}},"loc":{"start":{"line":10,"column":57},"end":{"line":16,"column":1}}},"1":{"name":"listCommand","decl":{"start":{"line":18,"column":16},"end":{"line":18,"column":27}},"loc":{"start":{"line":18,"column":27},"end":{"line":93,"column":1}}},"2":{"name":"(anonymous_2)","decl":{"start":{"line":21,"column":43},"end":{"line":21,"column":44}},"loc":{"start":{"line":21,"column":50},"end":{"line":21,"column":67}}},"3":{"name":"(anonymous_3)","decl":{"start":{"line":46,"column":46},"end":{"line":46,"column":47}},"loc":{"start":{"line":46,"column":53},"end":{"line":46,"column":70}}},"4":{"name":"(anonymous_4)","decl":{"start":{"line":48,"column":9},"end":{"line":48,"column":10}},"loc":{"start":{"line":48,"column":16},"end":{"line":48,"column":51}}},"5":{"name":"(anonymous_5)","decl":{"start":{"line":67,"column":11},"end":{"line":67,"column":12}},"loc":{"start":{"line":67,"column":18},"end":{"line":67,"column":46}}},"6":{"name":"(anonymous_6)","decl":{"start":{"line":71,"column":6},"end":{"line":71,"column":7}},"loc":{"start":{"line":72,"column":8},"end":{"line":75,"column":36}}}},"branchMap":{"0":{"loc":{"start":{"line":15,"column":9},"end":{"line":15,"column":45}},"type":"binary-expr","locations":[{"start":{"line":15,"column":9},"end":{"line":15,"column":24}},{"start":{"line":15,"column":28},"end":{"line":15,"column":45}}]},"1":{"loc":{"start":{"line":29,"column":2},"end":{"line":34,"column":3}},"type":"if","locations":[{"start":{"line":29,"column":2},"end":{"line":34,"column":3}}]},"2":{"loc":{"start":{"line":72,"column":8},"end":{"line":75,"column":36}},"type":"binary-expr","locations":[{"start":{"line":72,"column":8},"end":{"line":72,"column":42}},{"start":{"line":73,"column":8},"end":{"line":73,"column":37}},{"start":{"line":74,"column":8},"end":{"line":74,"column":37}},{"start":{"line":75,"column":8},"end":{"line":75,"column":36}}]},"3":{"loc":{"start":{"line":77,"column":16},"end":{"line":81,"column":13}},"type":"cond-expr","locations":[{"start":{"line":78,"column":8},"end":{"line":78,"column":48}},{"start":{"line":79,"column":8},"end":{"line":81,"column":13}}]},"4":{"loc":{"start":{"line":79,"column":8},"end":{"line":81,"column":13}},"type":"cond-expr","locations":[{"start":{"line":80,"column":10},"end":{"line":80,"column":72}},{"start":{"line":81,"column":10},"end":{"line":81,"column":13}}]},"5":{"loc":{"start":{"line":86,"column":6},"end":{"line":86,"column":48}},"type":"cond-expr","locations":[{"start":{"line":86,"column":11},"end":{"line":86,"column":28}},{"start":{"line":86,"column":31},"end":{"line":86,"column":48}}]},"6":{"loc":{"start":{"line":88,"column":6},"end":{"line":88,"column":48}},"type":"cond-expr","locations":[{"start":{"line":88,"column":11},"end":{"line":88,"column":31}},{"start":{"line":88,"column":34},"end":{"line":88,"column":48}}]}},"s":{"0":0,"1":0,"2":0,"3":0,"4":0,"5":0,"6":0,"7":0,"8":0,"9":0,"10":0,"11":0,"12":0,"13":0,"14":0,"15":0,"16":0,"17":0,"18":0,"19":0,"20":0,"21":0,"22":0,"23":0,"24":0,"25":0,"26":0,"27":0,"28":0,"29":0},"f":{"0":0,"1":0,"2":0,"3":0,"4":0,"5":0,"6":0},"b":{"0":[0,0],"1":[0],"2":[0,0,0,0],"3":[0,0],"4":[0,0],"5":[0,0],"6":[0,0]}}
,"/Users/levw/Desktop/Levw/warpy/packages/worktree-compose/src/commands/promote.ts": {"path":"/Users/levw/Desktop/Levw/warpy/packages/worktree-compose/src/commands/promote.ts","statementMap":{"0":{"start":{"line":15,"column":19},"end":{"line":15,"column":32}},"1":{"start":{"line":16,"column":13},"end":{"line":16,"column":48}},"2":{"start":{"line":18,"column":2},"end":{"line":23,"column":3}},"3":{"start":{"line":19,"column":4},"end":{"line":21,"column":6}},"4":{"start":{"line":22,"column":4},"end":{"line":22,"column":20}},"5":{"start":{"line":25,"column":24},"end":{"line":25,"column":51}},"6":{"start":{"line":27,"column":2},"end":{"line":27,"column":79}},"7":{"start":{"line":29,"column":16},"end":{"line":29,"column":76}},"8":{"start":{"line":31,"column":2},"end":{"line":34,"column":3}},"9":{"start":{"line":32,"column":4},"end":{"line":32,"column":39}},"10":{"start":{"line":33,"column":4},"end":{"line":33,"column":11}},"11":{"start":{"line":36,"column":21},"end":{"line":36,"column":49}},"12":{"start":{"line":37,"column":20},"end":{"line":37,"column":52}},"13":{"start":{"line":39,"column":2},"end":{"line":50,"column":3}},"14":{"start":{"line":40,"column":4},"end":{"line":42,"column":6}},"15":{"start":{"line":43,"column":4},"end":{"line":45,"column":5}},"16":{"start":{"line":44,"column":6},"end":{"line":44,"column":28}},"17":{"start":{"line":46,"column":4},"end":{"line":48,"column":6}},"18":{"start":{"line":49,"column":4},"end":{"line":49,"column":20}},"19":{"start":{"line":52,"column":2},"end":{"line":52,"column":41}},"20":{"start":{"line":53,"column":2},"end":{"line":53,"column":96}},"21":{"start":{"line":55,"column":2},"end":{"line":57,"column":3}},"22":{"start":{"line":56,"column":4},"end":{"line":56,"column":26}}},"fnMap":{"0":{"name":"promoteCommand","decl":{"start":{"line":14,"column":16},"end":{"line":14,"column":30}},"loc":{"start":{"line":14,"column":44},"end":{"line":58,"column":1}}}},"branchMap":{"0":{"loc":{"start":{"line":18,"column":2},"end":{"line":23,"column":3}},"type":"if","locations":[{"start":{"line":18,"column":2},"end":{"line":23,"column":3}}]},"1":{"loc":{"start":{"line":31,"column":2},"end":{"line":34,"column":3}},"type":"if","locations":[{"start":{"line":31,"column":2},"end":{"line":34,"column":3}}]},"2":{"loc":{"start":{"line":39,"column":2},"end":{"line":50,"column":3}},"type":"if","locations":[{"start":{"line":39,"column":2},"end":{"line":50,"column":3}}]}},"s":{"0":0,"1":0,"2":0,"3":0,"4":0,"5":0,"6":0,"7":0,"8":0,"9":0,"10":0,"11":0,"12":0,"13":0,"14":0,"15":0,"16":0,"17":0,"18":0,"19":0,"20":0,"21":0,"22":0},"f":{"0":0},"b":{"0":[0],"1":[0],"2":[0]}}
,"/Users/levw/Desktop/Levw/warpy/packages/worktree-compose/src/commands/restart.ts": {"path":"/Users/levw/Desktop/Levw/warpy/packages/worktree-compose/src/commands/restart.ts","statementMap":{"0":{"start":{"line":5,"column":2},"end":{"line":5,"column":23}},"1":{"start":{"line":6,"column":2},"end":{"line":6,"column":24}}},"fnMap":{"0":{"name":"restartCommand","decl":{"start":{"line":4,"column":16},"end":{"line":4,"column":30}},"loc":{"start":{"line":4,"column":48},"end":{"line":7,"column":1}}}},"branchMap":{},"s":{"0":0,"1":0},"f":{"0":0},"b":{}}
,"/Users/levw/Desktop/Levw/warpy/packages/worktree-compose/src/commands/start.ts": {"path":"/Users/levw/Desktop/Levw/warpy/packages/worktree-compose/src/commands/start.ts","statementMap":{"0":{"start":{"line":11,"column":14},"end":{"line":11,"column":28}},"1":{"start":{"line":13,"column":2},"end":{"line":18,"column":3}},"2":{"start":{"line":14,"column":4},"end":{"line":16,"column":6}},"3":{"start":{"line":17,"column":4},"end":{"line":17,"column":11}},"4":{"start":{"line":20,"column":18},"end":{"line":20,"column":57}},"5":{"start":{"line":22,"column":2},"end":{"line":56,"column":3}},"6":{"start":{"line":23,"column":16},"end":{"line":23,"column":45}},"7":{"start":{"line":24,"column":20},"end":{"line":24,"column":68}},"8":{"start":{"line":25,"column":24},"end":{"line":25,"column":68}},"9":{"start":{"line":27,"column":4},"end":{"line":27,"column":48}},"10":{"start":{"line":28,"column":4},"end":{"line":28,"column":36}},"11":{"start":{"line":29,"column":4},"end":{"line":29,"column":36}},"12":{"start":{"line":30,"column":4},"end":{"line":32,"column":6}},"13":{"start":{"line":31,"column":41},"end":{"line":31,"column":64}},"14":{"start":{"line":34,"column":4},"end":{"line":39,"column":6}},"15":{"start":{"line":40,"column":4},"end":{"line":40,"column":47}},"16":{"start":{"line":42,"column":4},"end":{"line":42,"column":39}},"17":{"start":{"line":43,"column":4},"end":{"line":47,"column":6}},"18":{"start":{"line":48,"column":4},"end":{"line":48,"column":53}},"19":{"start":{"line":50,"column":4},"end":{"line":53,"column":7}},"20":{"start":{"line":55,"column":4},"end":{"line":55,"column":43}},"21":{"start":{"line":58,"column":2},"end":{"line":58,"column":18}},"22":{"start":{"line":59,"column":2},"end":{"line":59,"column":16}}},"fnMap":{"0":{"name":"startCommand","decl":{"start":{"line":10,"column":16},"end":{"line":10,"column":28}},"loc":{"start":{"line":10,"column":46},"end":{"line":60,"column":1}}},"1":{"name":"(anonymous_1)","decl":{"start":{"line":31,"column":34},"end":{"line":31,"column":35}},"loc":{"start":{"line":31,"column":41},"end":{"line":31,"column":64}}}},"branchMap":{"0":{"loc":{"start":{"line":13,"column":2},"end":{"line":18,"column":3}},"type":"if","locations":[{"start":{"line":13,"column":2},"end":{"line":18,"column":3}}]}},"s":{"0":0,"1":0,"2":0,"3":0,"4":0,"5":0,"6":0,"7":0,"8":0,"9":0,"10":0,"11":0,"12":0,"13":0,"14":0,"15":0,"16":0,"17":0,"18":0,"19":0,"20":0,"21":0,"22":0},"f":{"0":0,"1":0},"b":{"0":[0]}}
,"/Users/levw/Desktop/Levw/warpy/packages/worktree-compose/src/commands/stop.ts": {"path":"/Users/levw/Desktop/Levw/warpy/packages/worktree-compose/src/commands/stop.ts","statementMap":{"0":{"start":{"line":7,"column":14},"end":{"line":7,"column":28}},"1":{"start":{"line":9,"column":2},"end":{"line":12,"column":3}},"2":{"start":{"line":10,"column":4},"end":{"line":10,"column":38}},"3":{"start":{"line":11,"column":4},"end":{"line":11,"column":11}},"4":{"start":{"line":14,"column":18},"end":{"line":14,"column":57}},"5":{"start":{"line":16,"column":2},"end":{"line":28,"column":3}},"6":{"start":{"line":17,"column":16},"end":{"line":17,"column":45}},"7":{"start":{"line":18,"column":20},"end":{"line":18,"column":68}},"8":{"start":{"line":20,"column":4},"end":{"line":20,"column":39}},"9":{"start":{"line":22,"column":4},"end":{"line":27,"column":5}},"10":{"start":{"line":23,"column":6},"end":{"line":23,"column":72}},"11":{"start":{"line":24,"column":6},"end":{"line":24,"column":60}},"12":{"start":{"line":26,"column":6},"end":{"line":26,"column":69}}},"fnMap":{"0":{"name":"stopCommand","decl":{"start":{"line":6,"column":16},"end":{"line":6,"column":27}},"loc":{"start":{"line":6,"column":45},"end":{"line":29,"column":1}}}},"branchMap":{"0":{"loc":{"start":{"line":9,"column":2},"end":{"line":12,"column":3}},"type":"if","locations":[{"start":{"line":9,"column":2},"end":{"line":12,"column":3}}]}},"s":{"0":0,"1":0,"2":0,"3":0,"4":0,"5":0,"6":0,"7":0,"8":0,"9":0,"10":0,"11":0,"12":0},"f":{"0":0},"b":{"0":[0]}}
,"/Users/levw/Desktop/Levw/warpy/packages/worktree-compose/src/compose/detect.ts": {"path":"/Users/levw/Desktop/Levw/warpy/packages/worktree-compose/src/compose/detect.ts","statementMap":{"0":{"start":{"line":5,"column":26},"end":{"line":10,"column":2}},"1":{"start":{"line":13,"column":2},"end":{"line":15,"column":5}},"2":{"start":{"line":19,"column":2},"end":{"line":19,"column":33}},"3":{"start":{"line":23,"column":2},"end":{"line":26,"column":3}},"4":{"start":{"line":24,"column":17},"end":{"line":24,"column":42}},"5":{"start":{"line":25,"column":4},"end":{"line":25,"column":41}},"6":{"start":{"line":25,"column":29},"end":{"line":25,"column":41}},"7":{"start":{"line":27,"column":2},"end":{"line":27,"column":14}}},"fnMap":{"0":{"name":"getRepoRoot","decl":{"start":{"line":12,"column":16},"end":{"line":12,"column":27}},"loc":{"start":{"line":12,"column":40},"end":{"line":16,"column":1}}},"1":{"name":"getRepoName","decl":{"start":{"line":18,"column":16},"end":{"line":18,"column":27}},"loc":{"start":{"line":18,"column":44},"end":{"line":20,"column":1}}},"2":{"name":"detectComposeFile","decl":{"start":{"line":22,"column":16},"end":{"line":22,"column":33}},"loc":{"start":{"line":22,"column":50},"end":{"line":28,"column":1}}}},"branchMap":{"0":{"loc":{"start":{"line":14,"column":9},"end":{"line":14,"column":29}},"type":"binary-expr","locations":[{"start":{"line":14,"column":9},"end":{"line":14,"column":12}},{"start":{"line":14,"column":16},"end":{"line":14,"column":29}}]},"1":{"loc":{"start":{"line":25,"column":4},"end":{"line":25,"column":41}},"type":"if","locations":[{"start":{"line":25,"column":4},"end":{"line":25,"column":41}}]}},"s":{"0":1,"1":0,"2":0,"3":5,"4":14,"5":14,"6":4,"7":1},"f":{"0":0,"1":0,"2":5},"b":{"0":[0,0],"1":[4]}}
,"/Users/levw/Desktop/Levw/warpy/packages/worktree-compose/src/compose/parse.ts": {"path":"/Users/levw/Desktop/Levw/warpy/packages/worktree-compose/src/compose/parse.ts","statementMap":{"0":{"start":{"line":6,"column":2},"end":{"line":6,"column":39}},"1":{"start":{"line":6,"column":29},"end":{"line":6,"column":39}},"2":{"start":{"line":8,"column":2},"end":{"line":18,"column":5}},"3":{"start":{"line":9,"column":4},"end":{"line":9,"column":42}},"4":{"start":{"line":9,"column":31},"end":{"line":9,"column":42}},"5":{"start":{"line":10,"column":4},"end":{"line":10,"column":50}},"6":{"start":{"line":10,"column":31},"end":{"line":10,"column":50}},"7":{"start":{"line":11,"column":4},"end":{"line":16,"column":5}},"8":{"start":{"line":12,"column":18},"end":{"line":12,"column":46}},"9":{"start":{"line":13,"column":6},"end":{"line":15,"column":7}},"10":{"start":{"line":14,"column":8},"end":{"line":14,"column":50}},"11":{"start":{"line":17,"column":4},"end":{"line":17,"column":14}},"12":{"start":{"line":24,"column":2},"end":{"line":26,"column":3}},"13":{"start":{"line":25,"column":4},"end":{"line":25,"column":30}},"14":{"start":{"line":27,"column":2},"end":{"line":34,"column":3}},"15":{"start":{"line":28,"column":16},"end":{"line":28,"column":48}},"16":{"start":{"line":29,"column":4},"end":{"line":33,"column":6}},"17":{"start":{"line":35,"column":2},"end":{"line":35,"column":19}},"18":{"start":{"line":39,"column":2},"end":{"line":39,"column":52}},"19":{"start":{"line":39,"column":35},"end":{"line":39,"column":52}},"20":{"start":{"line":40,"column":2},"end":{"line":42,"column":3}},"21":{"start":{"line":41,"column":4},"end":{"line":41,"column":56}},"22":{"start":{"line":41,"column":33},"end":{"line":41,"column":54}},"23":{"start":{"line":43,"column":2},"end":{"line":43,"column":19}},"24":{"start":{"line":47,"column":14},"end":{"line":47,"column":51}},"25":{"start":{"line":48,"column":14},"end":{"line":48,"column":51}},"26":{"start":{"line":50,"column":2},"end":{"line":52,"column":3}},"27":{"start":{"line":51,"column":4},"end":{"line":51,"column":41}},"28":{"start":{"line":54,"column":22},"end":{"line":54,"column":77}},"29":{"start":{"line":55,"column":37},"end":{"line":61,"column":null}},"30":{"start":{"line":56,"column":22},"end":{"line":61,"column":6}},"31":{"start":{"line":64,"column":2},"end":{"line":64,"column":35}}},"fnMap":{"0":{"name":"parseServicePorts","decl":{"start":{"line":5,"column":9},"end":{"line":5,"column":26}},"loc":{"start":{"line":5,"column":41},"end":{"line":19,"column":1}}},"1":{"name":"(anonymous_1)","decl":{"start":{"line":8,"column":23},"end":{"line":8,"column":24}},"loc":{"start":{"line":8,"column":29},"end":{"line":18,"column":3}}},"2":{"name":"parseServiceBuild","decl":{"start":{"line":21,"column":9},"end":{"line":21,"column":26}},"loc":{"start":{"line":22,"column":16},"end":{"line":36,"column":1}}},"3":{"name":"parseEnvFile","decl":{"start":{"line":38,"column":9},"end":{"line":38,"column":21}},"loc":{"start":{"line":38,"column":38},"end":{"line":44,"column":1}}},"4":{"name":"(anonymous_4)","decl":{"start":{"line":41,"column":26},"end":{"line":41,"column":27}},"loc":{"start":{"line":41,"column":33},"end":{"line":41,"column":54}}},"5":{"name":"parseComposeFile","decl":{"start":{"line":46,"column":16},"end":{"line":46,"column":32}},"loc":{"start":{"line":46,"column":52},"end":{"line":65,"column":1}}},"6":{"name":"(anonymous_6)","decl":{"start":{"line":56,"column":4},"end":{"line":56,"column":5}},"loc":{"start":{"line":56,"column":22},"end":{"line":61,"column":6}}}},"branchMap":{"0":{"loc":{"start":{"line":6,"column":2},"end":{"line":6,"column":39}},"type":"if","locations":[{"start":{"line":6,"column":2},"end":{"line":6,"column":39}}]},"1":{"loc":{"start":{"line":9,"column":4},"end":{"line":9,"column":42}},"type":"if","locations":[{"start":{"line":9,"column":4},"end":{"line":9,"column":42}}]},"2":{"loc":{"start":{"line":10,"column":4},"end":{"line":10,"column":50}},"type":"if","locations":[{"start":{"line":10,"column":4},"end":{"line":10,"column":50}}]},"3":{"loc":{"start":{"line":11,"column":4},"end":{"line":16,"column":5}},"type":"if","locations":[{"start":{"line":11,"column":4},"end":{"line":16,"column":5}}]},"4":{"loc":{"start":{"line":11,"column":8},"end":{"line":11,"column":43}},"type":"binary-expr","locations":[{"start":{"line":11,"column":8},"end":{"line":11,"column":29}},{"start":{"line":11,"column":33},"end":{"line":11,"column":43}}]},"5":{"loc":{"start":{"line":13,"column":6},"end":{"line":15,"column":7}},"type":"if","locations":[{"start":{"line":13,"column":6},"end":{"line":15,"column":7}}]},"6":{"loc":{"start":{"line":13,"column":10},"end":{"line":13,"column":53}},"type":"binary-expr","locations":[{"start":{"line":13,"column":10},"end":{"line":13,"column":31}},{"start":{"line":13,"column":35},"end":{"line":13,"column":53}}]},"7":{"loc":{"start":{"line":24,"column":2},"end":{"line":26,"column":3}},"type":"if","locations":[{"start":{"line":24,"column":2},"end":{"line":26,"column":3}}]},"8":{"loc":{"start":{"line":27,"column":2},"end":{"line":34,"column":3}},"type":"if","locations":[{"start":{"line":27,"column":2},"end":{"line":34,"column":3}}]},"9":{"loc":{"start":{"line":27,"column":6},"end":{"line":27,"column":49}},"type":"binary-expr","locations":[{"start":{"line":27,"column":6},"end":{"line":27,"column":31}},{"start":{"line":27,"column":35},"end":{"line":27,"column":49}}]},"10":{"loc":{"start":{"line":30,"column":15},"end":{"line":30,"column":72}},"type":"cond-expr","locations":[{"start":{"line":30,"column":49},"end":{"line":30,"column":60}},{"start":{"line":30,"column":63},"end":{"line":30,"column":72}}]},"11":{"loc":{"start":{"line":32,"column":8},"end":{"line":32,"column":71}},"type":"cond-expr","locations":[{"start":{"line":32,"column":45},"end":{"line":32,"column":59}},{"start":{"line":32,"column":62},"end":{"line":32,"column":71}}]},"12":{"loc":{"start":{"line":39,"column":2},"end":{"line":39,"column":52}},"type":"if","locations":[{"start":{"line":39,"column":2},"end":{"line":39,"column":52}}]},"13":{"loc":{"start":{"line":40,"column":2},"end":{"line":42,"column":3}},"type":"if","locations":[{"start":{"line":40,"column":2},"end":{"line":42,"column":3}}]},"14":{"loc":{"start":{"line":50,"column":2},"end":{"line":52,"column":3}},"type":"if","locations":[{"start":{"line":50,"column":2},"end":{"line":52,"column":3}}]},"15":{"loc":{"start":{"line":50,"column":6},"end":{"line":50,"column":61}},"type":"binary-expr","locations":[{"start":{"line":50,"column":6},"end":{"line":50,"column":10}},{"start":{"line":50,"column":14},"end":{"line":50,"column":37}},{"start":{"line":50,"column":41},"end":{"line":50,"column":61}}]}},"s":{"0":25,"1":3,"2":22,"3":23,"4":21,"5":2,"6":0,"7":2,"8":2,"9":2,"10":2,"11":0,"12":25,"13":6,"14":19,"15":9,"16":9,"17":10,"18":25,"19":0,"20":25,"21":0,"22":0,"23":25,"24":7,"25":7,"26":7,"27":0,"28":7,"29":7,"30":25,"31":7},"f":{"0":25,"1":23,"2":25,"3":25,"4":0,"5":7,"6":25},"b":{"0":[3],"1":[21],"2":[0],"3":[2],"4":[2,2],"5":[2],"6":[2,2],"7":[6],"8":[9],"9":[19,9],"10":[9,0],"11":[9,0],"12":[0],"13":[0],"14":[0],"15":[7,7,7]}}
,"/Users/levw/Desktop/Levw/warpy/packages/worktree-compose/src/git/promote.ts": {"path":"/Users/levw/Desktop/Levw/warpy/packages/worktree-compose/src/git/promote.ts","statementMap":{"0":{"start":{"line":5,"column":25},"end":{"line":11,"column":2}},"1":{"start":{"line":19,"column":20},"end":{"line":20,"column":null}},"2":{"start":{"line":24,"column":4},"end":{"line":24,"column":77}},"3":{"start":{"line":26,"column":20},"end":{"line":26,"column":22}},"4":{"start":{"line":28,"column":4},"end":{"line":29,"column":65}},"5":{"start":{"line":30,"column":2},"end":{"line":32,"column":3}},"6":{"start":{"line":31,"column":4},"end":{"line":31,"column":77}},"7":{"start":{"line":35,"column":4},"end":{"line":37,"column":11}},"8":{"start":{"line":39,"column":19},"end":{"line":43,"column":20}},"9":{"start":{"line":42,"column":16},"end":{"line":42,"column":24}},"10":{"start":{"line":45,"column":17},"end":{"line":45,"column":39}},"11":{"start":{"line":46,"column":2},"end":{"line":46,"column":56}},"12":{"start":{"line":46,"column":30},"end":{"line":46,"column":54}},"13":{"start":{"line":50,"column":19},"end":{"line":50,"column":79}},"14":{"start":{"line":52,"column":4},"end":{"line":52,"column":73}},"15":{"start":{"line":54,"column":2},"end":{"line":56,"column":21}},"16":{"start":{"line":55,"column":16},"end":{"line":55,"column":24}},"17":{"start":{"line":63,"column":19},"end":{"line":63,"column":38}},"18":{"start":{"line":64,"column":2},"end":{"line":64,"column":46}},"19":{"start":{"line":64,"column":29},"end":{"line":64,"column":44}},"20":{"start":{"line":72,"column":2},"end":{"line":82,"column":3}},"21":{"start":{"line":73,"column":16},"end":{"line":73,"column":36}},"22":{"start":{"line":74,"column":16},"end":{"line":74,"column":38}},"23":{"start":{"line":76,"column":4},"end":{"line":81,"column":5}},"24":{"start":{"line":77,"column":6},"end":{"line":77,"column":59}},"25":{"start":{"line":78,"column":6},"end":{"line":78,"column":32}},"26":{"start":{"line":80,"column":6},"end":{"line":80,"column":49}},"27":{"start":{"line":80,"column":30},"end":{"line":80,"column":49}}},"fnMap":{"0":{"name":"getChangedFiles","decl":{"start":{"line":13,"column":16},"end":{"line":13,"column":31}},"loc":{"start":{"line":17,"column":18},"end":{"line":47,"column":1}}},"1":{"name":"(anonymous_1)","decl":{"start":{"line":42,"column":9},"end":{"line":42,"column":10}},"loc":{"start":{"line":42,"column":16},"end":{"line":42,"column":24}}},"2":{"name":"(anonymous_2)","decl":{"start":{"line":46,"column":23},"end":{"line":46,"column":24}},"loc":{"start":{"line":46,"column":30},"end":{"line":46,"column":54}}},"3":{"name":"getLocalDirtyFiles","decl":{"start":{"line":49,"column":16},"end":{"line":49,"column":34}},"loc":{"start":{"line":49,"column":51},"end":{"line":57,"column":1}}},"4":{"name":"(anonymous_4)","decl":{"start":{"line":55,"column":9},"end":{"line":55,"column":10}},"loc":{"start":{"line":55,"column":16},"end":{"line":55,"column":24}}},"5":{"name":"findConflicts","decl":{"start":{"line":59,"column":16},"end":{"line":59,"column":29}},"loc":{"start":{"line":61,"column":22},"end":{"line":65,"column":1}}},"6":{"name":"(anonymous_6)","decl":{"start":{"line":64,"column":22},"end":{"line":64,"column":23}},"loc":{"start":{"line":64,"column":29},"end":{"line":64,"column":44}}},"7":{"name":"promoteFiles","decl":{"start":{"line":67,"column":16},"end":{"line":67,"column":28}},"loc":{"start":{"line":70,"column":17},"end":{"line":83,"column":1}}}},"branchMap":{"0":{"loc":{"start":{"line":24,"column":4},"end":{"line":24,"column":77}},"type":"binary-expr","locations":[{"start":{"line":24,"column":4},"end":{"line":24,"column":71}},{"start":{"line":24,"column":75},"end":{"line":24,"column":77}}]},"1":{"loc":{"start":{"line":28,"column":4},"end":{"line":29,"column":65}},"type":"binary-expr","locations":[{"start":{"line":28,"column":4},"end":{"line":28,"column":56}},{"start":{"line":29,"column":4},"end":{"line":29,"column":65}}]},"2":{"loc":{"start":{"line":30,"column":2},"end":{"line":32,"column":3}},"type":"if","locations":[{"start":{"line":30,"column":2},"end":{"line":32,"column":3}}]},"3":{"loc":{"start":{"line":31,"column":18},"end":{"line":31,"column":76}},"type":"binary-expr","locations":[{"start":{"line":31,"column":18},"end":{"line":31,"column":70}},{"start":{"line":31,"column":74},"end":{"line":31,"column":76}}]},"4":{"loc":{"start":{"line":35,"column":4},"end":{"line":37,"column":11}},"type":"binary-expr","locations":[{"start":{"line":35,"column":4},"end":{"line":36,"column":null}},{"start":{"line":37,"column":9},"end":{"line":37,"column":11}}]},"5":{"loc":{"start":{"line":50,"column":19},"end":{"line":50,"column":79}},"type":"binary-expr","locations":[{"start":{"line":50,"column":19},"end":{"line":50,"column":73}},{"start":{"line":50,"column":77},"end":{"line":50,"column":79}}]},"6":{"loc":{"start":{"line":52,"column":4},"end":{"line":52,"column":73}},"type":"binary-expr","locations":[{"start":{"line":52,"column":4},"end":{"line":52,"column":67}},{"start":{"line":52,"column":71},"end":{"line":52,"column":73}}]},"7":{"loc":{"start":{"line":76,"column":4},"end":{"line":81,"column":5}},"type":"if","locations":[{"start":{"line":76,"column":4},"end":{"line":81,"column":5}},{"start":{"line":79,"column":11},"end":{"line":81,"column":5}}]},"8":{"loc":{"start":{"line":80,"column":6},"end":{"line":80,"column":49}},"type":"if","locations":[{"start":{"line":80,"column":6},"end":{"line":80,"column":49}}]}},"s":{"0":0,"1":0,"2":0,"3":0,"4":0,"5":0,"6":0,"7":0,"8":0,"9":0,"10":0,"11":0,"12":0,"13":0,"14":0,"15":0,"16":0,"17":0,"18":0,"19":0,"20":0,"21":0,"22":0,"23":0,"24":0,"25":0,"26":0,"27":0},"f":{"0":0,"1":0,"2":0,"3":0,"4":0,"5":0,"6":0,"7":0},"b":{"0":[0,0],"1":[0,0],"2":[0],"3":[0,0],"4":[0,0],"5":[0,0],"6":[0,0],"7":[0,0],"8":[0]}}
,"/Users/levw/Desktop/Levw/warpy/packages/worktree-compose/src/git/worktree.ts": {"path":"/Users/levw/Desktop/Levw/warpy/packages/worktree-compose/src/git/worktree.ts","statementMap":{"0":{"start":{"line":10,"column":17},"end":{"line":10,"column":71}},"1":{"start":{"line":11,"column":17},"end":{"line":11,"column":53}},"2":{"start":{"line":13,"column":36},"end":{"line":13,"column":38}},"3":{"start":{"line":15,"column":2},"end":{"line":36,"column":3}},"4":{"start":{"line":16,"column":18},"end":{"line":16,"column":35}},"5":{"start":{"line":17,"column":17},"end":{"line":17,"column":19}},"6":{"start":{"line":18,"column":17},"end":{"line":18,"column":27}},"7":{"start":{"line":20,"column":4},"end":{"line":27,"column":5}},"8":{"start":{"line":21,"column":6},"end":{"line":23,"column":7}},"9":{"start":{"line":22,"column":8},"end":{"line":22,"column":48}},"10":{"start":{"line":24,"column":6},"end":{"line":26,"column":7}},"11":{"start":{"line":25,"column":8},"end":{"line":25,"column":73}},"12":{"start":{"line":29,"column":4},"end":{"line":35,"column":5}},"13":{"start":{"line":30,"column":6},"end":{"line":34,"column":9}},"14":{"start":{"line":38,"column":2},"end":{"line":38,"column":19}},"15":{"start":{"line":42,"column":2},"end":{"line":42,"column":59}},"16":{"start":{"line":42,"column":47},"end":{"line":42,"column":57}},"17":{"start":{"line":49,"column":18},"end":{"line":49,"column":47}},"18":{"start":{"line":50,"column":2},"end":{"line":50,"column":36}},"19":{"start":{"line":54,"column":2},"end":{"line":56,"column":4}}},"fnMap":{"0":{"name":"getWorktrees","decl":{"start":{"line":9,"column":16},"end":{"line":9,"column":28}},"loc":{"start":{"line":9,"column":45},"end":{"line":39,"column":1}}},"1":{"name":"getNonMainWorktrees","decl":{"start":{"line":41,"column":16},"end":{"line":41,"column":35}},"loc":{"start":{"line":41,"column":52},"end":{"line":43,"column":1}}},"2":{"name":"(anonymous_2)","decl":{"start":{"line":42,"column":39},"end":{"line":42,"column":40}},"loc":{"start":{"line":42,"column":47},"end":{"line":42,"column":57}}},"3":{"name":"getWorktreeByIndex","decl":{"start":{"line":45,"column":16},"end":{"line":45,"column":34}},"loc":{"start":{"line":47,"column":15},"end":{"line":51,"column":1}}},"4":{"name":"getWorktreeBranch","decl":{"start":{"line":53,"column":16},"end":{"line":53,"column":33}},"loc":{"start":{"line":53,"column":48},"end":{"line":57,"column":1}}}},"branchMap":{"0":{"loc":{"start":{"line":21,"column":6},"end":{"line":23,"column":7}},"type":"if","locations":[{"start":{"line":21,"column":6},"end":{"line":23,"column":7}}]},"1":{"loc":{"start":{"line":24,"column":6},"end":{"line":26,"column":7}},"type":"if","locations":[{"start":{"line":24,"column":6},"end":{"line":26,"column":7}}]},"2":{"loc":{"start":{"line":29,"column":4},"end":{"line":35,"column":5}},"type":"if","locations":[{"start":{"line":29,"column":4},"end":{"line":35,"column":5}}]},"3":{"loc":{"start":{"line":50,"column":9},"end":{"line":50,"column":35}},"type":"binary-expr","locations":[{"start":{"line":50,"column":9},"end":{"line":50,"column":27}},{"start":{"line":50,"column":31},"end":{"line":50,"column":35}}]},"4":{"loc":{"start":{"line":55,"column":4},"end":{"line":55,"column":76}},"type":"binary-expr","locations":[{"start":{"line":55,"column":4},"end":{"line":55,"column":62}},{"start":{"line":55,"column":66},"end":{"line":55,"column":76}}]}},"s":{"0":0,"1":0,"2":0,"3":0,"4":0,"5":0,"6":0,"7":0,"8":0,"9":0,"10":0,"11":0,"12":0,"13":0,"14":0,"15":0,"16":0,"17":0,"18":0,"19":0},"f":{"0":0,"1":0,"2":0,"3":0,"4":0},"b":{"0":[0],"1":[0],"2":[0],"3":[0,0],"4":[0,0]}}
,"/Users/levw/Desktop/Levw/warpy/packages/worktree-compose/src/mcp/server.ts": {"path":"/Users/levw/Desktop/Levw/warpy/packages/worktree-compose/src/mcp/server.ts","statementMap":{"0":{"start":{"line":20,"column":14},"end":{"line":20,"column":28}},"1":{"start":{"line":21,"column":2},"end":{"line":21,"column":63}},"2":{"start":{"line":21,"column":34},"end":{"line":21,"column":63}},"3":{"start":{"line":23,"column":18},"end":{"line":23,"column":57}},"4":{"start":{"line":24,"column":28},"end":{"line":24,"column":30}},"5":{"start":{"line":26,"column":2},"end":{"line":43,"column":3}},"6":{"start":{"line":27,"column":16},"end":{"line":27,"column":45}},"7":{"start":{"line":28,"column":20},"end":{"line":28,"column":68}},"8":{"start":{"line":29,"column":24},"end":{"line":29,"column":68}},"9":{"start":{"line":31,"column":4},"end":{"line":31,"column":79}},"10":{"start":{"line":32,"column":4},"end":{"line":32,"column":39}},"11":{"start":{"line":33,"column":4},"end":{"line":37,"column":6}},"12":{"start":{"line":39,"column":4},"end":{"line":39,"column":75}},"13":{"start":{"line":41,"column":18},"end":{"line":41,"column":76}},"14":{"start":{"line":41,"column":41},"end":{"line":41,"column":64}},"15":{"start":{"line":42,"column":4},"end":{"line":42,"column":71}},"16":{"start":{"line":45,"column":2},"end":{"line":45,"column":28}},"17":{"start":{"line":49,"column":14},"end":{"line":49,"column":28}},"18":{"start":{"line":50,"column":2},"end":{"line":50,"column":63}},"19":{"start":{"line":50,"column":34},"end":{"line":50,"column":63}},"20":{"start":{"line":52,"column":18},"end":{"line":52,"column":57}},"21":{"start":{"line":53,"column":28},"end":{"line":53,"column":30}},"22":{"start":{"line":55,"column":2},"end":{"line":65,"column":3}},"23":{"start":{"line":56,"column":16},"end":{"line":56,"column":45}},"24":{"start":{"line":57,"column":20},"end":{"line":57,"column":68}},"25":{"start":{"line":59,"column":4},"end":{"line":64,"column":5}},"26":{"start":{"line":60,"column":6},"end":{"line":60,"column":68}},"27":{"start":{"line":61,"column":6},"end":{"line":61,"column":62}},"28":{"start":{"line":63,"column":6},"end":{"line":63,"column":70}},"29":{"start":{"line":67,"column":2},"end":{"line":67,"column":28}},"30":{"start":{"line":71,"column":14},"end":{"line":71,"column":28}},"31":{"start":{"line":72,"column":2},"end":{"line":89,"column":5}},"32":{"start":{"line":73,"column":16},"end":{"line":73,"column":21}},"33":{"start":{"line":74,"column":20},"end":{"line":74,"column":68}},"34":{"start":{"line":75,"column":24},"end":{"line":75,"column":68}},"35":{"start":{"line":77,"column":6},"end":{"line":79,"column":17}},"36":{"start":{"line":81,"column":4},"end":{"line":88,"column":6}},"37":{"start":{"line":87,"column":55},"end":{"line":87,"column":73}},"38":{"start":{"line":93,"column":19},"end":{"line":93,"column":32}},"39":{"start":{"line":94,"column":13},"end":{"line":94,"column":48}},"40":{"start":{"line":95,"column":2},"end":{"line":95,"column":55}},"41":{"start":{"line":95,"column":11},"end":{"line":95,"column":55}},"42":{"start":{"line":97,"column":24},"end":{"line":97,"column":51}},"43":{"start":{"line":98,"column":16},"end":{"line":98,"column":76}},"44":{"start":{"line":100,"column":2},"end":{"line":100,"column":58}},"45":{"start":{"line":100,"column":26},"end":{"line":100,"column":58}},"46":{"start":{"line":102,"column":21},"end":{"line":102,"column":49}},"47":{"start":{"line":103,"column":20},"end":{"line":103,"column":52}},"48":{"start":{"line":105,"column":2},"end":{"line":107,"column":3}},"49":{"start":{"line":106,"column":4},"end":{"line":106,"column":98}},"50":{"start":{"line":109,"column":2},"end":{"line":109,"column":41}},"51":{"start":{"line":110,"column":2},"end":{"line":110,"column":126}},"52":{"start":{"line":114,"column":17},"end":{"line":117,"column":4}},"53":{"start":{"line":119,"column":2},"end":{"line":126,"column":4}},"54":{"start":{"line":123,"column":28},"end":{"line":125,"column":6}},"55":{"start":{"line":128,"column":2},"end":{"line":135,"column":4}},"56":{"start":{"line":132,"column":28},"end":{"line":134,"column":6}},"57":{"start":{"line":137,"column":2},"end":{"line":146,"column":4}},"58":{"start":{"line":142,"column":6},"end":{"line":142,"column":35}},"59":{"start":{"line":143,"column":21},"end":{"line":143,"column":50}},"60":{"start":{"line":144,"column":6},"end":{"line":144,"column":59}},"61":{"start":{"line":148,"column":2},"end":{"line":157,"column":4}},"62":{"start":{"line":152,"column":17},"end":{"line":156,"column":6}},"63":{"start":{"line":159,"column":2},"end":{"line":166,"column":4}},"64":{"start":{"line":163,"column":26},"end":{"line":165,"column":6}},"65":{"start":{"line":168,"column":2},"end":{"line":190,"column":4}},"66":{"start":{"line":173,"column":31},"end":{"line":173,"column":67}},"67":{"start":{"line":174,"column":6},"end":{"line":188,"column":7}},"68":{"start":{"line":175,"column":8},"end":{"line":175,"column":23}},"69":{"start":{"line":176,"column":8},"end":{"line":178,"column":10}},"70":{"start":{"line":180,"column":8},"end":{"line":187,"column":10}},"71":{"start":{"line":192,"column":20},"end":{"line":192,"column":46}},"72":{"start":{"line":193,"column":2},"end":{"line":193,"column":34}}},"fnMap":{"0":{"name":"startWorktrees","decl":{"start":{"line":19,"column":9},"end":{"line":19,"column":23}},"loc":{"start":{"line":19,"column":41},"end":{"line":46,"column":1}}},"1":{"name":"(anonymous_1)","decl":{"start":{"line":41,"column":34},"end":{"line":41,"column":35}},"loc":{"start":{"line":41,"column":41},"end":{"line":41,"column":64}}},"2":{"name":"stopWorktrees","decl":{"start":{"line":48,"column":9},"end":{"line":48,"column":22}},"loc":{"start":{"line":48,"column":40},"end":{"line":68,"column":1}}},"3":{"name":"listWorktrees","decl":{"start":{"line":70,"column":9},"end":{"line":70,"column":22}},"loc":{"start":{"line":70,"column":22},"end":{"line":90,"column":1}}},"4":{"name":"(anonymous_4)","decl":{"start":{"line":72,"column":27},"end":{"line":72,"column":28}},"loc":{"start":{"line":72,"column":37},"end":{"line":89,"column":3}}},"5":{"name":"(anonymous_5)","decl":{"start":{"line":87,"column":48},"end":{"line":87,"column":49}},"loc":{"start":{"line":87,"column":55},"end":{"line":87,"column":73}}},"6":{"name":"promoteWorktree","decl":{"start":{"line":92,"column":9},"end":{"line":92,"column":24}},"loc":{"start":{"line":92,"column":38},"end":{"line":111,"column":1}}},"7":{"name":"startMcpServer","decl":{"start":{"line":113,"column":22},"end":{"line":113,"column":36}},"loc":{"start":{"line":113,"column":36},"end":{"line":194,"column":1}}},"8":{"name":"(anonymous_8)","decl":{"start":{"line":123,"column":4},"end":{"line":123,"column":9}},"loc":{"start":{"line":123,"column":28},"end":{"line":125,"column":6}}},"9":{"name":"(anonymous_9)","decl":{"start":{"line":132,"column":4},"end":{"line":132,"column":9}},"loc":{"start":{"line":132,"column":28},"end":{"line":134,"column":6}}},"10":{"name":"(anonymous_10)","decl":{"start":{"line":141,"column":4},"end":{"line":141,"column":9}},"loc":{"start":{"line":141,"column":26},"end":{"line":145,"column":5}}},"11":{"name":"(anonymous_11)","decl":{"start":{"line":152,"column":4},"end":{"line":152,"column":9}},"loc":{"start":{"line":152,"column":17},"end":{"line":156,"column":6}}},"12":{"name":"(anonymous_12)","decl":{"start":{"line":163,"column":4},"end":{"line":163,"column":9}},"loc":{"start":{"line":163,"column":26},"end":{"line":165,"column":6}}},"13":{"name":"(anonymous_13)","decl":{"start":{"line":172,"column":4},"end":{"line":172,"column":9}},"loc":{"start":{"line":172,"column":15},"end":{"line":189,"column":5}}}},"branchMap":{"0":{"loc":{"start":{"line":21,"column":2},"end":{"line":21,"column":63}},"type":"if","locations":[{"start":{"line":21,"column":2},"end":{"line":21,"column":63}}]},"1":{"loc":{"start":{"line":50,"column":2},"end":{"line":50,"column":63}},"type":"if","locations":[{"start":{"line":50,"column":2},"end":{"line":50,"column":63}}]},"2":{"loc":{"start":{"line":86,"column":14},"end":{"line":86,"column":32}},"type":"cond-expr","locations":[{"start":{"line":86,"column":19},"end":{"line":86,"column":23}},{"start":{"line":86,"column":26},"end":{"line":86,"column":32}}]},"3":{"loc":{"start":{"line":95,"column":2},"end":{"line":95,"column":55}},"type":"if","locations":[{"start":{"line":95,"column":2},"end":{"line":95,"column":55}}]},"4":{"loc":{"start":{"line":100,"column":2},"end":{"line":100,"column":58}},"type":"if","locations":[{"start":{"line":100,"column":2},"end":{"line":100,"column":58}}]},"5":{"loc":{"start":{"line":105,"column":2},"end":{"line":107,"column":3}},"type":"if","locations":[{"start":{"line":105,"column":2},"end":{"line":107,"column":3}}]},"6":{"loc":{"start":{"line":124,"column":53},"end":{"line":124,"column":66}},"type":"binary-expr","locations":[{"start":{"line":124,"column":53},"end":{"line":124,"column":60}},{"start":{"line":124,"column":64},"end":{"line":124,"column":66}}]},"7":{"loc":{"start":{"line":133,"column":52},"end":{"line":133,"column":65}},"type":"binary-expr","locations":[{"start":{"line":133,"column":52},"end":{"line":133,"column":59}},{"start":{"line":133,"column":63},"end":{"line":133,"column":65}}]},"8":{"loc":{"start":{"line":142,"column":20},"end":{"line":142,"column":33}},"type":"binary-expr","locations":[{"start":{"line":142,"column":20},"end":{"line":142,"column":27}},{"start":{"line":142,"column":31},"end":{"line":142,"column":33}}]},"9":{"loc":{"start":{"line":143,"column":36},"end":{"line":143,"column":49}},"type":"binary-expr","locations":[{"start":{"line":143,"column":36},"end":{"line":143,"column":43}},{"start":{"line":143,"column":47},"end":{"line":143,"column":49}}]},"10":{"loc":{"start":{"line":184,"column":39},"end":{"line":184,"column":87}},"type":"cond-expr","locations":[{"start":{"line":184,"column":62},"end":{"line":184,"column":73}},{"start":{"line":184,"column":76},"end":{"line":184,"column":87}}]}},"s":{"0":0,"1":0,"2":0,"3":0,"4":0,"5":0,"6":0,"7":0,"8":0,"9":0,"10":0,"11":0,"12":0,"13":0,"14":0,"15":0,"16":0,"17":0,"18":0,"19":0,"20":0,"21":0,"22":0,"23":0,"24":0,"25":0,"26":0,"27":0,"28":0,"29":0,"30":0,"31":0,"32":0,"33":0,"34":0,"35":0,"36":0,"37":0,"38":0,"39":0,"40":0,"41":0,"42":0,"43":0,"44":0,"45":0,"46":0,"47":0,"48":0,"49":0,"50":0,"51":0,"52":0,"53":0,"54":0,"55":0,"56":0,"57":0,"58":0,"59":0,"60":0,"61":0,"62":0,"63":0,"64":0,"65":0,"66":0,"67":0,"68":0,"69":0,"70":0,"71":0,"72":0},"f":{"0":0,"1":0,"2":0,"3":0,"4":0,"5":0,"6":0,"7":0,"8":0,"9":0,"10":0,"11":0,"12":0,"13":0},"b":{"0":[0],"1":[0],"2":[0,0],"3":[0],"4":[0],"5":[0],"6":[0,0],"7":[0,0],"8":[0,0],"9":[0,0],"10":[0,0]}}
,"/Users/levw/Desktop/Levw/warpy/packages/worktree-compose/src/ports/allocate.ts": {"path":"/Users/levw/Desktop/Levw/warpy/packages/worktree-compose/src/ports/allocate.ts","statementMap":{"0":{"start":{"line":3,"column":20},"end":{"line":3,"column":25}},"1":{"start":{"line":9,"column":13},"end":{"line":9,"column":54}},"2":{"start":{"line":11,"column":2},"end":{"line":13,"column":3}},"3":{"start":{"line":12,"column":4},"end":{"line":12,"column":45}},"4":{"start":{"line":15,"column":2},"end":{"line":20,"column":3}},"5":{"start":{"line":16,"column":4},"end":{"line":19,"column":6}},"6":{"start":{"line":22,"column":2},"end":{"line":22,"column":14}},"7":{"start":{"line":29,"column":22},"end":{"line":29,"column":63}},"8":{"start":{"line":29,"column":45},"end":{"line":29,"column":62}},"9":{"start":{"line":31,"column":40},"end":{"line":36,"column":5}},"10":{"start":{"line":31,"column":64},"end":{"line":36,"column":4}},"11":{"start":{"line":38,"column":15},"end":{"line":38,"column":32}},"12":{"start":{"line":39,"column":2},"end":{"line":46,"column":3}},"13":{"start":{"line":40,"column":4},"end":{"line":44,"column":5}},"14":{"start":{"line":41,"column":6},"end":{"line":43,"column":8}},"15":{"start":{"line":45,"column":4},"end":{"line":45,"column":21}},"16":{"start":{"line":48,"column":2},"end":{"line":48,"column":21}}},"fnMap":{"0":{"name":"allocatePort","decl":{"start":{"line":5,"column":16},"end":{"line":5,"column":28}},"loc":{"start":{"line":7,"column":23},"end":{"line":23,"column":1}}},"1":{"name":"allocateWorktreePorts","decl":{"start":{"line":25,"column":16},"end":{"line":25,"column":37}},"loc":{"start":{"line":27,"column":23},"end":{"line":49,"column":1}}},"2":{"name":"(anonymous_2)","decl":{"start":{"line":29,"column":38},"end":{"line":29,"column":39}},"loc":{"start":{"line":29,"column":45},"end":{"line":29,"column":62}}},"3":{"name":"(anonymous_3)","decl":{"start":{"line":31,"column":56},"end":{"line":31,"column":57}},"loc":{"start":{"line":31,"column":64},"end":{"line":36,"column":4}}}},"branchMap":{"0":{"loc":{"start":{"line":11,"column":2},"end":{"line":13,"column":3}},"type":"if","locations":[{"start":{"line":11,"column":2},"end":{"line":13,"column":3}}]},"1":{"loc":{"start":{"line":15,"column":2},"end":{"line":20,"column":3}},"type":"if","locations":[{"start":{"line":15,"column":2},"end":{"line":20,"column":3}}]},"2":{"loc":{"start":{"line":15,"column":6},"end":{"line":15,"column":33}},"type":"binary-expr","locations":[{"start":{"line":15,"column":6},"end":{"line":15,"column":18}},{"start":{"line":15,"column":22},"end":{"line":15,"column":33}}]},"3":{"loc":{"start":{"line":40,"column":4},"end":{"line":44,"column":5}},"type":"if","locations":[{"start":{"line":40,"column":4},"end":{"line":44,"column":5}}]}},"s":{"0":1,"1":14,"2":14,"3":2,"4":14,"5":1,"6":13,"7":4,"8":12,"9":4,"10":8,"11":4,"12":4,"13":8,"14":0,"15":8,"16":4},"f":{"0":14,"1":4,"2":12,"3":8},"b":{"0":[2],"1":[1],"2":[14,13],"3":[0]}}
,"/Users/levw/Desktop/Levw/warpy/packages/worktree-compose/src/ports/extract.ts": {"path":"/Users/levw/Desktop/Levw/warpy/packages/worktree-compose/src/ports/extract.ts","statementMap":{"0":{"start":{"line":4,"column":24},"end":{"line":4,"column":59}},"1":{"start":{"line":7,"column":2},"end":{"line":7,"column":48}},"2":{"start":{"line":14,"column":18},"end":{"line":14,"column":36}},"3":{"start":{"line":16,"column":29},"end":{"line":16,"column":31}},"4":{"start":{"line":17,"column":16},"end":{"line":17,"column":18}},"5":{"start":{"line":18,"column":14},"end":{"line":18,"column":15}},"6":{"start":{"line":20,"column":2},"end":{"line":42,"column":3}},"7":{"start":{"line":21,"column":4},"end":{"line":25,"column":5}},"8":{"start":{"line":22,"column":6},"end":{"line":22,"column":20}},"9":{"start":{"line":23,"column":6},"end":{"line":23,"column":30}},"10":{"start":{"line":23,"column":22},"end":{"line":23,"column":30}},"11":{"start":{"line":24,"column":6},"end":{"line":24,"column":15}},"12":{"start":{"line":26,"column":4},"end":{"line":30,"column":5}},"13":{"start":{"line":27,"column":6},"end":{"line":27,"column":20}},"14":{"start":{"line":28,"column":6},"end":{"line":28,"column":14}},"15":{"start":{"line":29,"column":6},"end":{"line":29,"column":15}},"16":{"start":{"line":31,"column":4},"end":{"line":35,"column":5}},"17":{"start":{"line":32,"column":6},"end":{"line":32,"column":20}},"18":{"start":{"line":33,"column":6},"end":{"line":33,"column":14}},"19":{"start":{"line":34,"column":6},"end":{"line":34,"column":15}},"20":{"start":{"line":36,"column":4},"end":{"line":40,"column":5}},"21":{"start":{"line":37,"column":6},"end":{"line":37,"column":29}},"22":{"start":{"line":38,"column":6},"end":{"line":38,"column":19}},"23":{"start":{"line":39,"column":6},"end":{"line":39,"column":15}},"24":{"start":{"line":41,"column":4},"end":{"line":41,"column":18}},"25":{"start":{"line":43,"column":2},"end":{"line":43,"column":25}},"26":{"start":{"line":45,"column":2},"end":{"line":45,"column":41}},"27":{"start":{"line":45,"column":29},"end":{"line":45,"column":41}},"28":{"start":{"line":46,"column":2},"end":{"line":47,"column":57}},"29":{"start":{"line":47,"column":4},"end":{"line":47,"column":57}},"30":{"start":{"line":48,"column":2},"end":{"line":49,"column":57}},"31":{"start":{"line":49,"column":4},"end":{"line":49,"column":57}},"32":{"start":{"line":51,"column":2},"end":{"line":51,"column":14}},"33":{"start":{"line":58,"column":16},"end":{"line":58,"column":46}},"34":{"start":{"line":59,"column":2},"end":{"line":59,"column":26}},"35":{"start":{"line":59,"column":14},"end":{"line":59,"column":26}},"36":{"start":{"line":60,"column":2},"end":{"line":60,"column":67}},"37":{"start":{"line":64,"column":12},"end":{"line":64,"column":33}},"38":{"start":{"line":65,"column":2},"end":{"line":65,"column":29}},"39":{"start":{"line":71,"column":34},"end":{"line":71,"column":36}},"40":{"start":{"line":73,"column":2},"end":{"line":106,"column":3}},"41":{"start":{"line":74,"column":4},"end":{"line":105,"column":5}},"42":{"start":{"line":75,"column":20},"end":{"line":75,"column":40}},"43":{"start":{"line":76,"column":6},"end":{"line":76,"column":27}},"44":{"start":{"line":76,"column":18},"end":{"line":76,"column":27}},"45":{"start":{"line":78,"column":24},"end":{"line":78,"column":49}},"46":{"start":{"line":79,"column":27},"end":{"line":79,"column":57}},"47":{"start":{"line":81,"column":8},"end":{"line":81,"column":65}},"48":{"start":{"line":83,"column":6},"end":{"line":83,"column":43}},"49":{"start":{"line":83,"column":34},"end":{"line":83,"column":43}},"50":{"start":{"line":85,"column":6},"end":{"line":104,"column":7}},"51":{"start":{"line":86,"column":8},"end":{"line":92,"column":11}},"52":{"start":{"line":94,"column":25},"end":{"line":94,"column":48}},"53":{"start":{"line":95,"column":8},"end":{"line":103,"column":9}},"54":{"start":{"line":96,"column":10},"end":{"line":102,"column":13}},"55":{"start":{"line":108,"column":2},"end":{"line":108,"column":18}},"56":{"start":{"line":112,"column":2},"end":{"line":112,"column":72}}},"fnMap":{"0":{"name":"stripProtocol","decl":{"start":{"line":6,"column":9},"end":{"line":6,"column":22}},"loc":{"start":{"line":6,"column":35},"end":{"line":8,"column":1}}},"1":{"name":"splitPortString","decl":{"start":{"line":10,"column":9},"end":{"line":10,"column":24}},"loc":{"start":{"line":10,"column":36},"end":{"line":52,"column":1}}},"2":{"name":"resolveEnvVar","decl":{"start":{"line":54,"column":9},"end":{"line":54,"column":22}},"loc":{"start":{"line":54,"column":38},"end":{"line":61,"column":1}}},"3":{"name":"resolvePort","decl":{"start":{"line":63,"column":9},"end":{"line":63,"column":20}},"loc":{"start":{"line":63,"column":36},"end":{"line":66,"column":1}}},"4":{"name":"extractPortMappings","decl":{"start":{"line":68,"column":16},"end":{"line":68,"column":35}},"loc":{"start":{"line":69,"column":28},"end":{"line":109,"column":1}}},"5":{"name":"suggestEnvVar","decl":{"start":{"line":111,"column":16},"end":{"line":111,"column":29}},"loc":{"start":{"line":111,"column":49},"end":{"line":113,"column":1}}}},"branchMap":{"0":{"loc":{"start":{"line":21,"column":4},"end":{"line":25,"column":5}},"type":"if","locations":[{"start":{"line":21,"column":4},"end":{"line":25,"column":5}}]},"1":{"loc":{"start":{"line":21,"column":8},"end":{"line":21,"column":47}},"type":"binary-expr","locations":[{"start":{"line":21,"column":8},"end":{"line":21,"column":18}},{"start":{"line":21,"column":23},"end":{"line":21,"column":32}},{"start":{"line":21,"column":36},"end":{"line":21,"column":46}}]},"2":{"loc":{"start":{"line":23,"column":6},"end":{"line":23,"column":30}},"type":"if","locations":[{"start":{"line":23,"column":6},"end":{"line":23,"column":30}}]},"3":{"loc":{"start":{"line":26,"column":4},"end":{"line":30,"column":5}},"type":"if","locations":[{"start":{"line":26,"column":4},"end":{"line":30,"column":5}}]},"4":{"loc":{"start":{"line":26,"column":8},"end":{"line":26,"column":43}},"type":"binary-expr","locations":[{"start":{"line":26,"column":8},"end":{"line":26,"column":18}},{"start":{"line":26,"column":22},"end":{"line":26,"column":43}}]},"5":{"loc":{"start":{"line":31,"column":4},"end":{"line":35,"column":5}},"type":"if","locations":[{"start":{"line":31,"column":4},"end":{"line":35,"column":5}}]},"6":{"loc":{"start":{"line":36,"column":4},"end":{"line":40,"column":5}},"type":"if","locations":[{"start":{"line":36,"column":4},"end":{"line":40,"column":5}}]},"7":{"loc":{"start":{"line":36,"column":8},"end":{"line":36,"column":33}},"type":"binary-expr","locations":[{"start":{"line":36,"column":8},"end":{"line":36,"column":18}},{"start":{"line":36,"column":22},"end":{"line":36,"column":33}}]},"8":{"loc":{"start":{"line":45,"column":2},"end":{"line":45,"column":41}},"type":"if","locations":[{"start":{"line":45,"column":2},"end":{"line":45,"column":41}}]},"9":{"loc":{"start":{"line":46,"column":2},"end":{"line":47,"column":57}},"type":"if","locations":[{"start":{"line":46,"column":2},"end":{"line":47,"column":57}}]},"10":{"loc":{"start":{"line":48,"column":2},"end":{"line":49,"column":57}},"type":"if","locations":[{"start":{"line":48,"column":2},"end":{"line":49,"column":57}}]},"11":{"loc":{"start":{"line":59,"column":2},"end":{"line":59,"column":26}},"type":"if","locations":[{"start":{"line":59,"column":2},"end":{"line":59,"column":26}}]},"12":{"loc":{"start":{"line":65,"column":9},"end":{"line":65,"column":28}},"type":"cond-expr","locations":[{"start":{"line":65,"column":20},"end":{"line":65,"column":24}},{"start":{"line":65,"column":27},"end":{"line":65,"column":28}}]},"13":{"loc":{"start":{"line":76,"column":6},"end":{"line":76,"column":27}},"type":"if","locations":[{"start":{"line":76,"column":6},"end":{"line":76,"column":27}}]},"14":{"loc":{"start":{"line":81,"column":8},"end":{"line":81,"column":65}},"type":"binary-expr","locations":[{"start":{"line":81,"column":8},"end":{"line":81,"column":33}},{"start":{"line":81,"column":37},"end":{"line":81,"column":65}}]},"15":{"loc":{"start":{"line":83,"column":6},"end":{"line":83,"column":43}},"type":"if","locations":[{"start":{"line":83,"column":6},"end":{"line":83,"column":43}}]},"16":{"loc":{"start":{"line":85,"column":6},"end":{"line":104,"column":7}},"type":"if","locations":[{"start":{"line":85,"column":6},"end":{"line":104,"column":7}},{"start":{"line":93,"column":13},"end":{"line":104,"column":7}}]},"17":{"loc":{"start":{"line":95,"column":8},"end":{"line":103,"column":9}},"type":"if","locations":[{"start":{"line":95,"column":8},"end":{"line":103,"column":9}}]}},"s":{"0":1,"1":10,"2":10,"3":10,"4":10,"5":10,"6":10,"7":224,"8":149,"9":149,"10":0,"11":149,"12":75,"13":8,"14":8,"15":8,"16":67,"17":8,"18":8,"19":8,"20":59,"21":10,"22":10,"23":10,"24":49,"25":10,"26":10,"27":1,"28":9,"29":8,"30":1,"31":1,"32":0,"33":18,"34":18,"35":10,"36":8,"37":10,"38":10,"39":8,"40":8,"41":10,"42":10,"43":10,"44":1,"45":9,"46":9,"47":9,"48":9,"49":0,"50":9,"51":7,"52":2,"53":2,"54":2,"55":8,"56":3},"f":{"0":10,"1":10,"2":18,"3":10,"4":8,"5":3},"b":{"0":[149],"1":[224,216,149],"2":[0],"3":[8],"4":[75,8],"5":[8],"6":[10],"7":[59,10],"8":[1],"9":[8],"10":[1],"11":[10],"12":[0,10],"13":[1],"14":[9,8],"15":[0],"16":[7,2],"17":[2]}}
,"/Users/levw/Desktop/Levw/warpy/packages/worktree-compose/src/sync/env.ts": {"path":"/Users/levw/Desktop/Levw/warpy/packages/worktree-compose/src/sync/env.ts","statementMap":{"0":{"start":{"line":5,"column":20},"end":{"line":5,"column":50}},"1":{"start":{"line":6,"column":18},"end":{"line":6,"column":37}},"2":{"start":{"line":9,"column":19},"end":{"line":9,"column":47}},"3":{"start":{"line":10,"column":2},"end":{"line":10,"column":38}},"4":{"start":{"line":10,"column":23},"end":{"line":10,"column":38}},"5":{"start":{"line":12,"column":17},"end":{"line":12,"column":53}},"6":{"start":{"line":13,"column":2},"end":{"line":13,"column":36}},"7":{"start":{"line":13,"column":21},"end":{"line":13,"column":36}},"8":{"start":{"line":15,"column":17},"end":{"line":15,"column":53}},"9":{"start":{"line":16,"column":16},"end":{"line":16,"column":68}},"10":{"start":{"line":18,"column":2},"end":{"line":18,"column":59}},"11":{"start":{"line":25,"column":26},"end":{"line":25,"column":39}},"12":{"start":{"line":27,"column":21},"end":{"line":27,"column":46}},"13":{"start":{"line":28,"column":2},"end":{"line":31,"column":3}},"14":{"start":{"line":29,"column":4},"end":{"line":29,"column":40}},"15":{"start":{"line":30,"column":4},"end":{"line":30,"column":37}},"16":{"start":{"line":33,"column":2},"end":{"line":41,"column":3}},"17":{"start":{"line":34,"column":4},"end":{"line":40,"column":5}},"18":{"start":{"line":35,"column":18},"end":{"line":35,"column":26}},"19":{"start":{"line":36,"column":6},"end":{"line":38,"column":7}},"20":{"start":{"line":37,"column":8},"end":{"line":37,"column":61}},"21":{"start":{"line":39,"column":6},"end":{"line":39,"column":36}},"22":{"start":{"line":43,"column":2},"end":{"line":43,"column":24}},"23":{"start":{"line":44,"column":2},"end":{"line":44,"column":26}},"24":{"start":{"line":52,"column":16},"end":{"line":52,"column":18}},"25":{"start":{"line":53,"column":2},"end":{"line":55,"column":3}},"26":{"start":{"line":54,"column":4},"end":{"line":54,"column":48}},"27":{"start":{"line":57,"column":2},"end":{"line":57,"column":40}},"28":{"start":{"line":59,"column":16},"end":{"line":59,"column":61}},"29":{"start":{"line":60,"column":17},"end":{"line":60,"column":58}},"30":{"start":{"line":62,"column":2},"end":{"line":62,"column":45}},"31":{"start":{"line":66,"column":17},"end":{"line":66,"column":44}},"32":{"start":{"line":67,"column":24},"end":{"line":67,"column":59}},"33":{"start":{"line":68,"column":17},"end":{"line":68,"column":42}},"34":{"start":{"line":70,"column":2},"end":{"line":76,"column":3}},"35":{"start":{"line":71,"column":4},"end":{"line":71,"column":36}},"36":{"start":{"line":72,"column":9},"end":{"line":76,"column":3}},"37":{"start":{"line":73,"column":4},"end":{"line":73,"column":43}},"38":{"start":{"line":75,"column":4},"end":{"line":75,"column":42}}},"fnMap":{"0":{"name":"stripOverrideBlock","decl":{"start":{"line":8,"column":16},"end":{"line":8,"column":34}},"loc":{"start":{"line":8,"column":50},"end":{"line":19,"column":1}}},"1":{"name":"buildOverrideBlock","decl":{"start":{"line":21,"column":16},"end":{"line":21,"column":34}},"loc":{"start":{"line":23,"column":39},"end":{"line":45,"column":1}}},"2":{"name":"injectPortOverrides","decl":{"start":{"line":47,"column":16},"end":{"line":47,"column":35}},"loc":{"start":{"line":50,"column":39},"end":{"line":63,"column":1}}},"3":{"name":"copyBaseEnv","decl":{"start":{"line":65,"column":16},"end":{"line":65,"column":27}},"loc":{"start":{"line":65,"column":60},"end":{"line":77,"column":1}}}},"branchMap":{"0":{"loc":{"start":{"line":10,"column":2},"end":{"line":10,"column":38}},"type":"if","locations":[{"start":{"line":10,"column":2},"end":{"line":10,"column":38}}]},"1":{"loc":{"start":{"line":13,"column":2},"end":{"line":13,"column":36}},"type":"if","locations":[{"start":{"line":13,"column":2},"end":{"line":13,"column":36}}]},"2":{"loc":{"start":{"line":33,"column":2},"end":{"line":41,"column":3}},"type":"if","locations":[{"start":{"line":33,"column":2},"end":{"line":41,"column":3}}]},"3":{"loc":{"start":{"line":53,"column":2},"end":{"line":55,"column":3}},"type":"if","locations":[{"start":{"line":53,"column":2},"end":{"line":55,"column":3}}]},"4":{"loc":{"start":{"line":70,"column":2},"end":{"line":76,"column":3}},"type":"if","locations":[{"start":{"line":70,"column":2},"end":{"line":76,"column":3}},{"start":{"line":72,"column":9},"end":{"line":76,"column":3}}]},"5":{"loc":{"start":{"line":72,"column":9},"end":{"line":76,"column":3}},"type":"if","locations":[{"start":{"line":72,"column":9},"end":{"line":76,"column":3}},{"start":{"line":74,"column":9},"end":{"line":76,"column":3}}]}},"s":{"0":1,"1":1,"2":3,"3":3,"4":1,"5":2,"6":2,"7":0,"8":2,"9":2,"10":2,"11":3,"12":3,"13":3,"14":6,"15":6,"16":3,"17":2,"18":3,"19":3,"20":6,"21":3,"22":3,"23":3,"24":0,"25":0,"26":0,"27":0,"28":0,"29":0,"30":0,"31":0,"32":0,"33":0,"34":0,"35":0,"36":0,"37":0,"38":0},"f":{"0":3,"1":3,"2":0,"3":0},"b":{"0":[1],"1":[0],"2":[2],"3":[0],"4":[0,0],"5":[0,0]}}
,"/Users/levw/Desktop/Levw/warpy/packages/worktree-compose/src/sync/files.ts": {"path":"/Users/levw/Desktop/Levw/warpy/packages/worktree-compose/src/sync/files.ts","statementMap":{"0":{"start":{"line":6,"column":2},"end":{"line":6,"column":55}},"1":{"start":{"line":7,"column":2},"end":{"line":9,"column":3}},"2":{"start":{"line":8,"column":4},"end":{"line":8,"column":30}},"3":{"start":{"line":13,"column":2},"end":{"line":13,"column":34}},"4":{"start":{"line":13,"column":27},"end":{"line":13,"column":34}},"5":{"start":{"line":14,"column":2},"end":{"line":14,"column":41}},"6":{"start":{"line":15,"column":2},"end":{"line":23,"column":3}},"7":{"start":{"line":16,"column":20},"end":{"line":16,"column":46}},"8":{"start":{"line":17,"column":20},"end":{"line":17,"column":46}},"9":{"start":{"line":18,"column":4},"end":{"line":22,"column":5}},"10":{"start":{"line":19,"column":6},"end":{"line":19,"column":32}},"11":{"start":{"line":21,"column":6},"end":{"line":21,"column":40}},"12":{"start":{"line":30,"column":26},"end":{"line":30,"column":28}},"13":{"start":{"line":32,"column":2},"end":{"line":40,"column":3}},"14":{"start":{"line":33,"column":4},"end":{"line":33,"column":29}},"15":{"start":{"line":33,"column":20},"end":{"line":33,"column":29}},"16":{"start":{"line":34,"column":20},"end":{"line":34,"column":44}},"17":{"start":{"line":35,"column":23},"end":{"line":35,"column":59}},"18":{"start":{"line":36,"column":24},"end":{"line":36,"column":84}},"19":{"start":{"line":37,"column":21},"end":{"line":37,"column":55}},"20":{"start":{"line":38,"column":16},"end":{"line":38,"column":49}},"21":{"start":{"line":39,"column":4},"end":{"line":39,"column":20}},"22":{"start":{"line":42,"column":2},"end":{"line":42,"column":29}},"23":{"start":{"line":51,"column":21},"end":{"line":51,"column":69}},"24":{"start":{"line":52,"column":2},"end":{"line":55,"column":4}},"25":{"start":{"line":57,"column":2},"end":{"line":59,"column":3}},"26":{"start":{"line":58,"column":4},"end":{"line":58,"column":61}},"27":{"start":{"line":61,"column":2},"end":{"line":74,"column":3}},"28":{"start":{"line":62,"column":4},"end":{"line":73,"column":5}},"29":{"start":{"line":63,"column":18},"end":{"line":63,"column":40}},"30":{"start":{"line":64,"column":18},"end":{"line":64,"column":38}},"31":{"start":{"line":65,"column":6},"end":{"line":72,"column":7}},"32":{"start":{"line":66,"column":21},"end":{"line":66,"column":37}},"33":{"start":{"line":67,"column":8},"end":{"line":71,"column":9}},"34":{"start":{"line":68,"column":10},"end":{"line":68,"column":28}},"35":{"start":{"line":70,"column":10},"end":{"line":70,"column":29}}},"fnMap":{"0":{"name":"copyFile","decl":{"start":{"line":5,"column":9},"end":{"line":5,"column":17}},"loc":{"start":{"line":5,"column":42},"end":{"line":10,"column":1}}},"1":{"name":"copyDir","decl":{"start":{"line":12,"column":9},"end":{"line":12,"column":16}},"loc":{"start":{"line":12,"column":41},"end":{"line":24,"column":1}}},"2":{"name":"getDockerfiles","decl":{"start":{"line":26,"column":9},"end":{"line":26,"column":23}},"loc":{"start":{"line":28,"column":18},"end":{"line":43,"column":1}}},"3":{"name":"syncWorktreeFiles","decl":{"start":{"line":45,"column":16},"end":{"line":45,"column":33}},"loc":{"start":{"line":49,"column":22},"end":{"line":75,"column":1}}}},"branchMap":{"0":{"loc":{"start":{"line":7,"column":2},"end":{"line":9,"column":3}},"type":"if","locations":[{"start":{"line":7,"column":2},"end":{"line":9,"column":3}}]},"1":{"loc":{"start":{"line":13,"column":2},"end":{"line":13,"column":34}},"type":"if","locations":[{"start":{"line":13,"column":2},"end":{"line":13,"column":34}}]},"2":{"loc":{"start":{"line":18,"column":4},"end":{"line":22,"column":5}},"type":"if","locations":[{"start":{"line":18,"column":4},"end":{"line":22,"column":5}},{"start":{"line":20,"column":11},"end":{"line":22,"column":5}}]},"3":{"loc":{"start":{"line":33,"column":4},"end":{"line":33,"column":29}},"type":"if","locations":[{"start":{"line":33,"column":4},"end":{"line":33,"column":29}}]},"4":{"loc":{"start":{"line":34,"column":20},"end":{"line":34,"column":44}},"type":"binary-expr","locations":[{"start":{"line":34,"column":20},"end":{"line":34,"column":37}},{"start":{"line":34,"column":41},"end":{"line":34,"column":44}}]},"5":{"loc":{"start":{"line":35,"column":23},"end":{"line":35,"column":59}},"type":"binary-expr","locations":[{"start":{"line":35,"column":23},"end":{"line":35,"column":43}},{"start":{"line":35,"column":47},"end":{"line":35,"column":59}}]},"6":{"loc":{"start":{"line":61,"column":2},"end":{"line":74,"column":3}},"type":"if","locations":[{"start":{"line":61,"column":2},"end":{"line":74,"column":3}}]},"7":{"loc":{"start":{"line":65,"column":6},"end":{"line":72,"column":7}},"type":"if","locations":[{"start":{"line":65,"column":6},"end":{"line":72,"column":7}}]},"8":{"loc":{"start":{"line":67,"column":8},"end":{"line":71,"column":9}},"type":"if","locations":[{"start":{"line":67,"column":8},"end":{"line":71,"column":9}},{"start":{"line":69,"column":15},"end":{"line":71,"column":9}}]}},"s":{"0":0,"1":0,"2":0,"3":0,"4":0,"5":0,"6":0,"7":0,"8":0,"9":0,"10":0,"11":0,"12":0,"13":0,"14":0,"15":0,"16":0,"17":0,"18":0,"19":0,"20":0,"21":0,"22":0,"23":0,"24":0,"25":0,"26":0,"27":0,"28":0,"29":0,"30":0,"31":0,"32":0,"33":0,"34":0,"35":0},"f":{"0":0,"1":0,"2":0,"3":0},"b":{"0":[0],"1":[0],"2":[0,0],"3":[0],"4":[0,0],"5":[0,0],"6":[0],"7":[0],"8":[0,0]}}
,"/Users/levw/Desktop/Levw/warpy/packages/worktree-compose/src/utils/exec.ts": {"path":"/Users/levw/Desktop/Levw/warpy/packages/worktree-compose/src/utils/exec.ts","statementMap":{"0":{"start":{"line":4,"column":17},"end":{"line":8,"column":14}},"1":{"start":{"line":9,"column":2},"end":{"line":9,"column":23}},"2":{"start":{"line":13,"column":2},"end":{"line":16,"column":5}},"3":{"start":{"line":20,"column":2},"end":{"line":24,"column":3}},"4":{"start":{"line":21,"column":4},"end":{"line":21,"column":27}},"5":{"start":{"line":23,"column":4},"end":{"line":23,"column":16}}},"fnMap":{"0":{"name":"exec","decl":{"start":{"line":3,"column":16},"end":{"line":3,"column":20}},"loc":{"start":{"line":3,"column":56},"end":{"line":10,"column":1}}},"1":{"name":"execLive","decl":{"start":{"line":12,"column":16},"end":{"line":12,"column":24}},"loc":{"start":{"line":12,"column":60},"end":{"line":17,"column":1}}},"2":{"name":"execSafe","decl":{"start":{"line":19,"column":16},"end":{"line":19,"column":24}},"loc":{"start":{"line":19,"column":60},"end":{"line":25,"column":1}}}},"branchMap":{},"s":{"0":0,"1":0,"2":0,"3":0,"4":0,"5":0},"f":{"0":0,"1":0,"2":0},"b":{}}
,"/Users/levw/Desktop/Levw/warpy/packages/worktree-compose/src/utils/log.ts": {"path":"/Users/levw/Desktop/Levw/warpy/packages/worktree-compose/src/utils/log.ts","statementMap":{"0":{"start":{"line":4,"column":2},"end":{"line":4,"column":36}},"1":{"start":{"line":8,"column":2},"end":{"line":8,"column":37}},"2":{"start":{"line":12,"column":2},"end":{"line":12,"column":38}},"3":{"start":{"line":16,"column":2},"end":{"line":16,"column":37}},"4":{"start":{"line":20,"column":2},"end":{"line":20,"column":51}}},"fnMap":{"0":{"name":"info","decl":{"start":{"line":3,"column":16},"end":{"line":3,"column":20}},"loc":{"start":{"line":3,"column":32},"end":{"line":5,"column":1}}},"1":{"name":"success","decl":{"start":{"line":7,"column":16},"end":{"line":7,"column":23}},"loc":{"start":{"line":7,"column":35},"end":{"line":9,"column":1}}},"2":{"name":"warn","decl":{"start":{"line":11,"column":16},"end":{"line":11,"column":20}},"loc":{"start":{"line":11,"column":32},"end":{"line":13,"column":1}}},"3":{"name":"error","decl":{"start":{"line":15,"column":16},"end":{"line":15,"column":21}},"loc":{"start":{"line":15,"column":33},"end":{"line":17,"column":1}}},"4":{"name":"header","decl":{"start":{"line":19,"column":16},"end":{"line":19,"column":22}},"loc":{"start":{"line":19,"column":34},"end":{"line":21,"column":1}}}},"branchMap":{},"s":{"0":0,"1":0,"2":0,"3":0,"4":0},"f":{"0":0,"1":0,"2":0,"3":0,"4":0},"b":{}}
,"/Users/levw/Desktop/Levw/warpy/packages/worktree-compose/src/utils/sanitize.ts": {"path":"/Users/levw/Desktop/Levw/warpy/packages/worktree-compose/src/utils/sanitize.ts","statementMap":{"0":{"start":{"line":2,"column":2},"end":{"line":7,"column":23}},"1":{"start":{"line":15,"column":2},"end":{"line":15,"column":55}}},"fnMap":{"0":{"name":"sanitize","decl":{"start":{"line":1,"column":16},"end":{"line":1,"column":24}},"loc":{"start":{"line":1,"column":38},"end":{"line":8,"column":1}}},"1":{"name":"composeProjectName","decl":{"start":{"line":10,"column":16},"end":{"line":10,"column":34}},"loc":{"start":{"line":13,"column":16},"end":{"line":16,"column":1}}}},"branchMap":{},"s":{"0":0,"1":0},"f":{"0":0,"1":0},"b":{}}
}
