TN:
SF:src/config.ts
FN:9,loadConfig
FNF:1
FNH:0
FNDA:0,loadConfig
DA:10,0
DA:11,0
DA:12,0
DA:15,0
DA:16,0
DA:17,0
DA:18,0
DA:19,0
DA:23,0
LF:9
LH:0
BRDA:11,0,0,0
BRDA:16,1,0,0
BRDA:18,2,0,0
BRDA:18,3,0,0
BRDA:18,3,1,0
BRF:5
BRH:0
end_of_record
TN:
SF:src/context.ts
FN:20,buildContext
FN:39,filterWorktrees
FN:45,(anonymous_2)
FNF:3
FNH:0
FNDA:0,buildContext
FNDA:0,filterWorktrees
FNDA:0,(anonymous_2)
DA:21,0
DA:22,0
DA:24,0
DA:25,0
DA:26,0
DA:31,0
DA:32,0
DA:33,0
DA:34,0
DA:36,0
DA:43,0
DA:44,0
DA:46,0
DA:47,0
DA:48,0
LF:15
LH:0
BRDA:25,0,0,0
BRDA:43,1,0,0
BRDA:47,2,0,0
BRF:3
BRH:0
end_of_record
TN:
SF:src/commands/clean.ts
FN:7,cleanCommand
FNF:1
FNH:0
FNDA:0,cleanCommand
DA:8,0
DA:9,0
DA:10,0
DA:12,0
DA:14,0
DA:15,0
DA:16,0
DA:17,0
DA:19,0
DA:20,0
DA:21,0
DA:26,0
DA:27,0
DA:28,0
DA:31,0
DA:32,0
DA:33,0
DA:35,0
DA:39,0
DA:41,0
DA:44,0
DA:45,0
DA:46,0
DA:49,0
DA:52,0
DA:53,0
DA:56,0
DA:59,0
DA:60,0
DA:63,0
LF:30
LH:0
BRDA:12,0,0,0
BRDA:12,0,1,0
BRDA:26,1,0,0
BRDA:44,2,0,0
BRDA:52,3,0,0
BRDA:59,4,0,0
BRF:6
BRH:0
end_of_record
TN:
SF:src/commands/list.ts
FN:10,isWorktreeUp
FN:18,listCommand
FN:21,(anonymous_2)
FN:46,(anonymous_3)
FN:48,(anonymous_4)
FN:67,(anonymous_5)
FN:71,(anonymous_6)
FNF:7
FNH:0
FNDA:0,isWorktreeUp
FNDA:0,listCommand
FNDA:0,(anonymous_2)
FNDA:0,(anonymous_3)
FNDA:0,(anonymous_4)
FNDA:0,(anonymous_5)
FNDA:0,(anonymous_6)
DA:11,0
DA:15,0
DA:19,0
DA:21,0
DA:22,0
DA:23,0
DA:29,0
DA:30,0
DA:33,0
DA:36,0
DA:46,0
DA:47,0
DA:48,0
DA:51,0
DA:59,0
DA:60,0
DA:61,0
DA:62,0
DA:63,0
DA:64,0
DA:66,0
DA:67,0
DA:70,0
DA:72,0
DA:77,0
DA:83,0
DA:92,0
LF:27
LH:0
BRDA:15,0,0,0
BRDA:15,0,1,0
BRDA:29,1,0,0
BRDA:72,2,0,0
BRDA:72,2,1,0
BRDA:72,2,2,0
BRDA:72,2,3,0
BRDA:77,3,0,0
BRDA:77,3,1,0
BRDA:79,4,0,0
BRDA:79,4,1,0
BRDA:86,5,0,0
BRDA:86,5,1,0
BRDA:88,6,0,0
BRDA:88,6,1,0
BRF:15
BRH:0
end_of_record
TN:
SF:src/commands/promote.ts
FN:14,promoteCommand
FNF:1
FNH:0
FNDA:0,promoteCommand
DA:15,0
DA:16,0
DA:18,0
DA:19,0
DA:22,0
DA:25,0
DA:27,0
DA:29,0
DA:31,0
DA:32,0
DA:33,0
DA:36,0
DA:37,0
DA:39,0
DA:40,0
DA:43,0
DA:44,0
DA:46,0
DA:49,0
DA:52,0
DA:53,0
DA:55,0
DA:56,0
LF:23
LH:0
BRDA:18,0,0,0
BRDA:31,1,0,0
BRDA:39,2,0,0
BRF:3
BRH:0
end_of_record
TN:
SF:src/commands/restart.ts
FN:4,restartCommand
FNF:1
FNH:0
FNDA:0,restartCommand
DA:5,0
DA:6,0
LF:2
LH:0
BRF:0
BRH:0
end_of_record
TN:
SF:src/commands/start.ts
FN:10,startCommand
FN:31,(anonymous_1)
FNF:2
FNH:0
FNDA:0,startCommand
FNDA:0,(anonymous_1)
DA:11,0
DA:13,0
DA:14,0
DA:17,0
DA:20,0
DA:22,0
DA:23,0
DA:24,0
DA:25,0
DA:27,0
DA:28,0
DA:29,0
DA:30,0
DA:31,0
DA:34,0
DA:40,0
DA:42,0
DA:43,0
DA:48,0
DA:50,0
DA:55,0
DA:58,0
DA:59,0
LF:23
LH:0
BRDA:13,0,0,0
BRF:1
BRH:0
end_of_record
TN:
SF:src/commands/stop.ts
FN:6,stopCommand
FNF:1
FNH:0
FNDA:0,stopCommand
DA:7,0
DA:9,0
DA:10,0
DA:11,0
DA:14,0
DA:16,0
DA:17,0
DA:18,0
DA:20,0
DA:22,0
DA:23,0
DA:24,0
DA:26,0
LF:13
LH:0
BRDA:9,0,0,0
BRF:1
BRH:0
end_of_record
TN:
SF:src/compose/detect.ts
FN:12,getRepoRoot
FN:18,getRepoName
FN:22,detectComposeFile
FNF:3
FNH:1
FNDA:0,getRepoRoot
FNDA:0,getRepoName
FNDA:5,detectComposeFile
DA:5,1
DA:13,0
DA:19,0
DA:23,5
DA:24,14
DA:25,14
DA:27,1
LF:7
LH:5
BRDA:14,0,0,0
BRDA:14,0,1,0
BRDA:25,1,0,4
BRF:3
BRH:1
end_of_record
TN:
SF:src/compose/parse.ts
FN:5,parseServicePorts
FN:8,(anonymous_1)
FN:21,parseServiceBuild
FN:38,parseEnvFile
FN:41,(anonymous_4)
FN:46,parseComposeFile
FN:56,(anonymous_6)
FNF:7
FNH:6
FNDA:25,parseServicePorts
FNDA:23,(anonymous_1)
FNDA:25,parseServiceBuild
FNDA:25,parseEnvFile
FNDA:0,(anonymous_4)
FNDA:7,parseComposeFile
FNDA:25,(anonymous_6)
DA:6,25
DA:8,22
DA:9,23
DA:10,2
DA:11,2
DA:12,2
DA:13,2
DA:14,2
DA:17,0
DA:24,25
DA:25,6
DA:27,19
DA:28,9
DA:29,9
DA:35,10
DA:39,25
DA:40,25
DA:41,0
DA:43,25
DA:47,7
DA:48,7
DA:50,7
DA:51,0
DA:54,7
DA:55,7
DA:56,25
DA:64,7
LF:27
LH:24
BRDA:6,0,0,3
BRDA:9,1,0,21
BRDA:10,2,0,0
BRDA:11,3,0,2
BRDA:11,4,0,2
BRDA:11,4,1,2
BRDA:13,5,0,2
BRDA:13,6,0,2
BRDA:13,6,1,2
BRDA:24,7,0,6
BRDA:27,8,0,9
BRDA:27,9,0,19
BRDA:27,9,1,9
BRDA:30,10,0,9
BRDA:30,10,1,0
BRDA:32,11,0,9
BRDA:32,11,1,0
BRDA:39,12,0,0
BRDA:40,13,0,0
BRDA:50,14,0,0
BRDA:50,15,0,7
BRDA:50,15,1,7
BRDA:50,15,2,7
BRF:23
BRH:17
end_of_record
TN:
SF:src/git/promote.ts
FN:13,getChangedFiles
FN:42,(anonymous_1)
FN:46,(anonymous_2)
FN:49,getLocalDirtyFiles
FN:55,(anonymous_4)
FN:59,findConflicts
FN:64,(anonymous_6)
FN:67,promoteFiles
FNF:8
FNH:0
FNDA:0,getChangedFiles
FNDA:0,(anonymous_1)
FNDA:0,(anonymous_2)
FNDA:0,getLocalDirtyFiles
FNDA:0,(anonymous_4)
FNDA:0,findConflicts
FNDA:0,(anonymous_6)
FNDA:0,promoteFiles
DA:5,0
DA:19,0
DA:24,0
DA:26,0
DA:28,0
DA:30,0
DA:31,0
DA:35,0
DA:39,0
DA:42,0
DA:45,0
DA:46,0
DA:50,0
DA:52,0
DA:54,0
DA:55,0
DA:63,0
DA:64,0
DA:72,0
DA:73,0
DA:74,0
DA:76,0
DA:77,0
DA:78,0
DA:80,0
LF:25
LH:0
BRDA:24,0,0,0
BRDA:24,0,1,0
BRDA:28,1,0,0
BRDA:28,1,1,0
BRDA:30,2,0,0
BRDA:31,3,0,0
BRDA:31,3,1,0
BRDA:35,4,0,0
BRDA:35,4,1,0
BRDA:50,5,0,0
BRDA:50,5,1,0
BRDA:52,6,0,0
BRDA:52,6,1,0
BRDA:76,7,0,0
BRDA:76,7,1,0
BRDA:80,8,0,0
BRF:16
BRH:0
end_of_record
TN:
SF:src/git/worktree.ts
FN:9,getWorktrees
FN:41,getNonMainWorktrees
FN:42,(anonymous_2)
FN:45,getWorktreeByIndex
FN:53,getWorktreeBranch
FNF:5
FNH:0
FNDA:0,getWorktrees
FNDA:0,getNonMainWorktrees
FNDA:0,(anonymous_2)
FNDA:0,getWorktreeByIndex
FNDA:0,getWorktreeBranch
DA:10,0
DA:11,0
DA:13,0
DA:15,0
DA:16,0
DA:17,0
DA:18,0
DA:20,0
DA:21,0
DA:22,0
DA:24,0
DA:25,0
DA:29,0
DA:30,0
DA:38,0
DA:42,0
DA:49,0
DA:50,0
DA:54,0
LF:19
LH:0
BRDA:21,0,0,0
BRDA:24,1,0,0
BRDA:29,2,0,0
BRDA:50,3,0,0
BRDA:50,3,1,0
BRDA:55,4,0,0
BRDA:55,4,1,0
BRF:7
BRH:0
end_of_record
TN:
SF:src/mcp/server.ts
FN:19,startWorktrees
FN:41,(anonymous_1)
FN:48,stopWorktrees
FN:70,listWorktrees
FN:72,(anonymous_4)
FN:87,(anonymous_5)
FN:92,promoteWorktree
FN:113,startMcpServer
FN:123,(anonymous_8)
FN:132,(anonymous_9)
FN:141,(anonymous_10)
FN:152,(anonymous_11)
FN:163,(anonymous_12)
FN:172,(anonymous_13)
FNF:14
FNH:0
FNDA:0,startWorktrees
FNDA:0,(anonymous_1)
FNDA:0,stopWorktrees
FNDA:0,listWorktrees
FNDA:0,(anonymous_4)
FNDA:0,(anonymous_5)
FNDA:0,promoteWorktree
FNDA:0,startMcpServer
FNDA:0,(anonymous_8)
FNDA:0,(anonymous_9)
FNDA:0,(anonymous_10)
FNDA:0,(anonymous_11)
FNDA:0,(anonymous_12)
FNDA:0,(anonymous_13)
DA:20,0
DA:21,0
DA:23,0
DA:24,0
DA:26,0
DA:27,0
DA:28,0
DA:29,0
DA:31,0
DA:32,0
DA:33,0
DA:39,0
DA:41,0
DA:42,0
DA:45,0
DA:49,0
DA:50,0
DA:52,0
DA:53,0
DA:55,0
DA:56,0
DA:57,0
DA:59,0
DA:60,0
DA:61,0
DA:63,0
DA:67,0
DA:71,0
DA:72,0
DA:73,0
DA:74,0
DA:75,0
DA:77,0
DA:81,0
DA:87,0
DA:93,0
DA:94,0
DA:95,0
DA:97,0
DA:98,0
DA:100,0
DA:102,0
DA:103,0
DA:105,0
DA:106,0
DA:109,0
DA:110,0
DA:114,0
DA:119,0
DA:123,0
DA:128,0
DA:132,0
DA:137,0
DA:142,0
DA:143,0
DA:144,0
DA:148,0
DA:152,0
DA:159,0
DA:163,0
DA:168,0
DA:173,0
DA:174,0
DA:175,0
DA:176,0
DA:180,0
DA:192,0
DA:193,0
LF:68
LH:0
BRDA:21,0,0,0
BRDA:50,1,0,0
BRDA:86,2,0,0
BRDA:86,2,1,0
BRDA:95,3,0,0
BRDA:100,4,0,0
BRDA:105,5,0,0
BRDA:124,6,0,0
BRDA:124,6,1,0
BRDA:133,7,0,0
BRDA:133,7,1,0
BRDA:142,8,0,0
BRDA:142,8,1,0
BRDA:143,9,0,0
BRDA:143,9,1,0
BRDA:184,10,0,0
BRDA:184,10,1,0
BRF:17
BRH:0
end_of_record
TN:
SF:src/ports/allocate.ts
FN:5,allocatePort
FN:25,allocateWorktreePorts
FN:29,(anonymous_2)
FN:31,(anonymous_3)
FNF:4
FNH:4
FNDA:14,allocatePort
FNDA:4,allocateWorktreePorts
FNDA:12,(anonymous_2)
FNDA:8,(anonymous_3)
DA:3,1
DA:9,14
DA:11,14
DA:12,2
DA:15,14
DA:16,1
DA:22,13
DA:29,12
DA:31,8
DA:38,4
DA:39,4
DA:40,8
DA:41,0
DA:45,8
DA:48,4
LF:15
LH:14
BRDA:11,0,0,2
BRDA:15,1,0,1
BRDA:15,2,0,14
BRDA:15,2,1,13
BRDA:40,3,0,0
BRF:5
BRH:4
end_of_record
TN:
SF:src/ports/extract.ts
FN:6,stripProtocol
FN:10,splitPortString
FN:54,resolveEnvVar
FN:63,resolvePort
FN:68,extractPortMappings
FN:111,suggestEnvVar
FNF:6
FNH:6
FNDA:10,stripProtocol
FNDA:10,splitPortString
FNDA:18,resolveEnvVar
FNDA:10,resolvePort
FNDA:8,extractPortMappings
FNDA:3,suggestEnvVar
DA:4,1
DA:7,10
DA:14,10
DA:16,10
DA:17,10
DA:18,10
DA:20,10
DA:21,224
DA:22,149
DA:23,149
DA:24,149
DA:26,75
DA:27,8
DA:28,8
DA:29,8
DA:31,67
DA:32,8
DA:33,8
DA:34,8
DA:36,59
DA:37,10
DA:38,10
DA:39,10
DA:41,49
DA:43,10
DA:45,10
DA:46,9
DA:47,8
DA:48,1
DA:49,1
DA:51,0
DA:58,18
DA:59,18
DA:60,8
DA:64,10
DA:65,10
DA:71,8
DA:73,8
DA:74,10
DA:75,10
DA:76,10
DA:78,9
DA:79,9
DA:81,9
DA:83,9
DA:85,9
DA:86,7
DA:94,2
DA:95,2
DA:96,2
DA:108,8
DA:112,3
LF:52
LH:51
BRDA:21,0,0,149
BRDA:21,1,0,224
BRDA:21,1,1,216
BRDA:21,1,2,149
BRDA:23,2,0,0
BRDA:26,3,0,8
BRDA:26,4,0,75
BRDA:26,4,1,8
BRDA:31,5,0,8
BRDA:36,6,0,10
BRDA:36,7,0,59
BRDA:36,7,1,10
BRDA:45,8,0,1
BRDA:46,9,0,8
BRDA:48,10,0,1
BRDA:59,11,0,10
BRDA:65,12,0,0
BRDA:65,12,1,10
BRDA:76,13,0,1
BRDA:81,14,0,9
BRDA:81,14,1,8
BRDA:83,15,0,0
BRDA:85,16,0,7
BRDA:85,16,1,2
BRDA:95,17,0,2
BRF:25
BRH:22
end_of_record
TN:
SF:src/sync/env.ts
FN:8,stripOverrideBlock
FN:21,buildOverrideBlock
FN:47,injectPortOverrides
FN:65,copyBaseEnv
FNF:4
FNH:2
FNDA:3,stripOverrideBlock
FNDA:3,buildOverrideBlock
FNDA:0,injectPortOverrides
FNDA:0,copyBaseEnv
DA:5,1
DA:6,1
DA:9,3
DA:10,3
DA:12,2
DA:13,2
DA:15,2
DA:16,2
DA:18,2
DA:25,3
DA:27,3
DA:28,3
DA:29,6
DA:30,6
DA:33,3
DA:34,2
DA:35,3
DA:36,3
DA:37,6
DA:39,3
DA:43,3
DA:44,3
DA:52,0
DA:53,0
DA:54,0
DA:57,0
DA:59,0
DA:60,0
DA:62,0
DA:66,0
DA:67,0
DA:68,0
DA:70,0
DA:71,0
DA:72,0
DA:73,0
DA:75,0
LF:37
LH:22
BRDA:10,0,0,1
BRDA:13,1,0,0
BRDA:33,2,0,2
BRDA:53,3,0,0
BRDA:70,4,0,0
BRDA:70,4,1,0
BRDA:72,5,0,0
BRDA:72,5,1,0
BRF:8
BRH:2
end_of_record
TN:
SF:src/sync/files.ts
FN:5,copyFile
FN:12,copyDir
FN:26,getDockerfiles
FN:45,syncWorktreeFiles
FNF:4
FNH:0
FNDA:0,copyFile
FNDA:0,copyDir
FNDA:0,getDockerfiles
FNDA:0,syncWorktreeFiles
DA:6,0
DA:7,0
DA:8,0
DA:13,0
DA:14,0
DA:15,0
DA:16,0
DA:17,0
DA:18,0
DA:19,0
DA:21,0
DA:30,0
DA:32,0
DA:33,0
DA:34,0
DA:35,0
DA:36,0
DA:37,0
DA:38,0
DA:39,0
DA:42,0
DA:51,0
DA:52,0
DA:57,0
DA:58,0
DA:61,0
DA:62,0
DA:63,0
DA:64,0
DA:65,0
DA:66,0
DA:67,0
DA:68,0
DA:70,0
LF:34
LH:0
BRDA:7,0,0,0
BRDA:13,1,0,0
BRDA:18,2,0,0
BRDA:18,2,1,0
BRDA:33,3,0,0
BRDA:34,4,0,0
BRDA:34,4,1,0
BRDA:35,5,0,0
BRDA:35,5,1,0
BRDA:61,6,0,0
BRDA:65,7,0,0
BRDA:67,8,0,0
BRDA:67,8,1,0
BRF:13
BRH:0
end_of_record
TN:
SF:src/utils/exec.ts
FN:3,exec
FN:12,execLive
FN:19,execSafe
FNF:3
FNH:0
FNDA:0,exec
FNDA:0,execLive
FNDA:0,execSafe
DA:4,0
DA:9,0
DA:13,0
DA:20,0
DA:21,0
DA:23,0
LF:6
LH:0
BRF:0
BRH:0
end_of_record
TN:
SF:src/utils/log.ts
FN:3,info
FN:7,success
FN:11,warn
FN:15,error
FN:19,header
FNF:5
FNH:0
FNDA:0,info
FNDA:0,success
FNDA:0,warn
FNDA:0,error
FNDA:0,header
DA:4,0
DA:8,0
DA:12,0
DA:16,0
DA:20,0
LF:5
LH:0
BRF:0
BRH:0
end_of_record
TN:
SF:src/utils/sanitize.ts
FN:1,sanitize
FN:10,composeProjectName
FNF:2
FNH:0
FNDA:0,sanitize
FNDA:0,composeProjectName
DA:2,0
DA:15,0
LF:2
LH:0
BRF:0
BRH:0
end_of_record
